[2023-05-18T11:00:28.527+0200] {processor.py:156} INFO - Started process (PID=1496) to work on /home/julien/.local/lib/python3.10/site-packages/airflow/example_dags/subdags/subdag.py
[2023-05-18T11:00:28.528+0200] {processor.py:758} INFO - Processing file /home/julien/.local/lib/python3.10/site-packages/airflow/example_dags/subdags/subdag.py for tasks to queue
[2023-05-18T11:00:28.528+0200] {logging_mixin.py:117} INFO - [2023-05-18T11:00:28.528+0200] {dagbag.py:525} INFO - Filling up the DagBag from /home/julien/.local/lib/python3.10/site-packages/airflow/example_dags/subdags/subdag.py
[2023-05-18T11:00:28.532+0200] {processor.py:770} WARNING - No viable dags retrieved from /home/julien/.local/lib/python3.10/site-packages/airflow/example_dags/subdags/subdag.py
[2023-05-18T11:00:28.541+0200] {processor.py:178} INFO - Processing /home/julien/.local/lib/python3.10/site-packages/airflow/example_dags/subdags/subdag.py took 0.017 seconds
[2023-05-18T11:01:07.070+0200] {processor.py:156} INFO - Started process (PID=1532) to work on /home/julien/.local/lib/python3.10/site-packages/airflow/example_dags/subdags/subdag.py
[2023-05-18T11:01:07.071+0200] {processor.py:758} INFO - Processing file /home/julien/.local/lib/python3.10/site-packages/airflow/example_dags/subdags/subdag.py for tasks to queue
[2023-05-18T11:01:07.072+0200] {logging_mixin.py:117} INFO - [2023-05-18T11:01:07.072+0200] {dagbag.py:525} INFO - Filling up the DagBag from /home/julien/.local/lib/python3.10/site-packages/airflow/example_dags/subdags/subdag.py
[2023-05-18T11:01:07.075+0200] {processor.py:770} WARNING - No viable dags retrieved from /home/julien/.local/lib/python3.10/site-packages/airflow/example_dags/subdags/subdag.py
[2023-05-18T11:01:07.083+0200] {processor.py:178} INFO - Processing /home/julien/.local/lib/python3.10/site-packages/airflow/example_dags/subdags/subdag.py took 0.016 seconds
[2023-05-18T11:01:42.268+0200] {processor.py:156} INFO - Started process (PID=1568) to work on /home/julien/.local/lib/python3.10/site-packages/airflow/example_dags/subdags/subdag.py
[2023-05-18T11:01:42.269+0200] {processor.py:758} INFO - Processing file /home/julien/.local/lib/python3.10/site-packages/airflow/example_dags/subdags/subdag.py for tasks to queue
[2023-05-18T11:01:42.269+0200] {logging_mixin.py:117} INFO - [2023-05-18T11:01:42.269+0200] {dagbag.py:525} INFO - Filling up the DagBag from /home/julien/.local/lib/python3.10/site-packages/airflow/example_dags/subdags/subdag.py
[2023-05-18T11:01:42.272+0200] {processor.py:770} WARNING - No viable dags retrieved from /home/julien/.local/lib/python3.10/site-packages/airflow/example_dags/subdags/subdag.py
[2023-05-18T11:01:42.280+0200] {processor.py:178} INFO - Processing /home/julien/.local/lib/python3.10/site-packages/airflow/example_dags/subdags/subdag.py took 0.014 seconds
[2023-05-18T11:02:18.671+0200] {processor.py:156} INFO - Started process (PID=1604) to work on /home/julien/.local/lib/python3.10/site-packages/airflow/example_dags/subdags/subdag.py
[2023-05-18T11:02:18.675+0200] {processor.py:758} INFO - Processing file /home/julien/.local/lib/python3.10/site-packages/airflow/example_dags/subdags/subdag.py for tasks to queue
[2023-05-18T11:02:18.676+0200] {logging_mixin.py:117} INFO - [2023-05-18T11:02:18.676+0200] {dagbag.py:525} INFO - Filling up the DagBag from /home/julien/.local/lib/python3.10/site-packages/airflow/example_dags/subdags/subdag.py
[2023-05-18T11:02:18.678+0200] {processor.py:770} WARNING - No viable dags retrieved from /home/julien/.local/lib/python3.10/site-packages/airflow/example_dags/subdags/subdag.py
[2023-05-18T11:02:18.685+0200] {processor.py:178} INFO - Processing /home/julien/.local/lib/python3.10/site-packages/airflow/example_dags/subdags/subdag.py took 0.016 seconds
[2023-05-18T11:02:54.919+0200] {processor.py:156} INFO - Started process (PID=1640) to work on /home/julien/.local/lib/python3.10/site-packages/airflow/example_dags/subdags/subdag.py
[2023-05-18T11:02:54.922+0200] {processor.py:758} INFO - Processing file /home/julien/.local/lib/python3.10/site-packages/airflow/example_dags/subdags/subdag.py for tasks to queue
[2023-05-18T11:02:54.923+0200] {logging_mixin.py:117} INFO - [2023-05-18T11:02:54.923+0200] {dagbag.py:525} INFO - Filling up the DagBag from /home/julien/.local/lib/python3.10/site-packages/airflow/example_dags/subdags/subdag.py
[2023-05-18T11:02:54.926+0200] {processor.py:770} WARNING - No viable dags retrieved from /home/julien/.local/lib/python3.10/site-packages/airflow/example_dags/subdags/subdag.py
[2023-05-18T11:02:54.933+0200] {processor.py:178} INFO - Processing /home/julien/.local/lib/python3.10/site-packages/airflow/example_dags/subdags/subdag.py took 0.018 seconds
[2023-05-18T11:03:31.067+0200] {processor.py:156} INFO - Started process (PID=1676) to work on /home/julien/.local/lib/python3.10/site-packages/airflow/example_dags/subdags/subdag.py
[2023-05-18T11:03:31.069+0200] {processor.py:758} INFO - Processing file /home/julien/.local/lib/python3.10/site-packages/airflow/example_dags/subdags/subdag.py for tasks to queue
[2023-05-18T11:03:31.070+0200] {logging_mixin.py:117} INFO - [2023-05-18T11:03:31.070+0200] {dagbag.py:525} INFO - Filling up the DagBag from /home/julien/.local/lib/python3.10/site-packages/airflow/example_dags/subdags/subdag.py
[2023-05-18T11:03:31.073+0200] {processor.py:770} WARNING - No viable dags retrieved from /home/julien/.local/lib/python3.10/site-packages/airflow/example_dags/subdags/subdag.py
[2023-05-18T11:03:31.083+0200] {processor.py:178} INFO - Processing /home/julien/.local/lib/python3.10/site-packages/airflow/example_dags/subdags/subdag.py took 0.018 seconds
[2023-05-18T11:04:06.966+0200] {processor.py:156} INFO - Started process (PID=1712) to work on /home/julien/.local/lib/python3.10/site-packages/airflow/example_dags/subdags/subdag.py
[2023-05-18T11:04:06.970+0200] {processor.py:758} INFO - Processing file /home/julien/.local/lib/python3.10/site-packages/airflow/example_dags/subdags/subdag.py for tasks to queue
[2023-05-18T11:04:06.970+0200] {logging_mixin.py:117} INFO - [2023-05-18T11:04:06.970+0200] {dagbag.py:525} INFO - Filling up the DagBag from /home/julien/.local/lib/python3.10/site-packages/airflow/example_dags/subdags/subdag.py
[2023-05-18T11:04:06.973+0200] {processor.py:770} WARNING - No viable dags retrieved from /home/julien/.local/lib/python3.10/site-packages/airflow/example_dags/subdags/subdag.py
[2023-05-18T11:04:06.979+0200] {processor.py:178} INFO - Processing /home/julien/.local/lib/python3.10/site-packages/airflow/example_dags/subdags/subdag.py took 0.015 seconds
[2023-05-18T11:04:41.952+0200] {processor.py:156} INFO - Started process (PID=1748) to work on /home/julien/.local/lib/python3.10/site-packages/airflow/example_dags/subdags/subdag.py
[2023-05-18T11:04:41.955+0200] {processor.py:758} INFO - Processing file /home/julien/.local/lib/python3.10/site-packages/airflow/example_dags/subdags/subdag.py for tasks to queue
[2023-05-18T11:04:41.956+0200] {logging_mixin.py:117} INFO - [2023-05-18T11:04:41.956+0200] {dagbag.py:525} INFO - Filling up the DagBag from /home/julien/.local/lib/python3.10/site-packages/airflow/example_dags/subdags/subdag.py
[2023-05-18T11:04:41.959+0200] {processor.py:770} WARNING - No viable dags retrieved from /home/julien/.local/lib/python3.10/site-packages/airflow/example_dags/subdags/subdag.py
[2023-05-18T11:04:41.967+0200] {processor.py:178} INFO - Processing /home/julien/.local/lib/python3.10/site-packages/airflow/example_dags/subdags/subdag.py took 0.017 seconds
[2023-05-18T11:05:16.106+0200] {processor.py:156} INFO - Started process (PID=1784) to work on /home/julien/.local/lib/python3.10/site-packages/airflow/example_dags/subdags/subdag.py
[2023-05-18T11:05:16.109+0200] {processor.py:758} INFO - Processing file /home/julien/.local/lib/python3.10/site-packages/airflow/example_dags/subdags/subdag.py for tasks to queue
[2023-05-18T11:05:16.110+0200] {logging_mixin.py:117} INFO - [2023-05-18T11:05:16.110+0200] {dagbag.py:525} INFO - Filling up the DagBag from /home/julien/.local/lib/python3.10/site-packages/airflow/example_dags/subdags/subdag.py
[2023-05-18T11:05:16.113+0200] {processor.py:770} WARNING - No viable dags retrieved from /home/julien/.local/lib/python3.10/site-packages/airflow/example_dags/subdags/subdag.py
[2023-05-18T11:05:16.121+0200] {processor.py:178} INFO - Processing /home/julien/.local/lib/python3.10/site-packages/airflow/example_dags/subdags/subdag.py took 0.018 seconds
[2023-05-18T11:05:50.999+0200] {processor.py:156} INFO - Started process (PID=1820) to work on /home/julien/.local/lib/python3.10/site-packages/airflow/example_dags/subdags/subdag.py
[2023-05-18T11:05:51.002+0200] {processor.py:758} INFO - Processing file /home/julien/.local/lib/python3.10/site-packages/airflow/example_dags/subdags/subdag.py for tasks to queue
[2023-05-18T11:05:51.003+0200] {logging_mixin.py:117} INFO - [2023-05-18T11:05:51.003+0200] {dagbag.py:525} INFO - Filling up the DagBag from /home/julien/.local/lib/python3.10/site-packages/airflow/example_dags/subdags/subdag.py
[2023-05-18T11:05:51.006+0200] {processor.py:770} WARNING - No viable dags retrieved from /home/julien/.local/lib/python3.10/site-packages/airflow/example_dags/subdags/subdag.py
[2023-05-18T11:05:51.013+0200] {processor.py:178} INFO - Processing /home/julien/.local/lib/python3.10/site-packages/airflow/example_dags/subdags/subdag.py took 0.017 seconds
[2023-05-18T11:06:24.384+0200] {processor.py:156} INFO - Started process (PID=1856) to work on /home/julien/.local/lib/python3.10/site-packages/airflow/example_dags/subdags/subdag.py
[2023-05-18T11:06:24.388+0200] {processor.py:758} INFO - Processing file /home/julien/.local/lib/python3.10/site-packages/airflow/example_dags/subdags/subdag.py for tasks to queue
[2023-05-18T11:06:24.388+0200] {logging_mixin.py:117} INFO - [2023-05-18T11:06:24.388+0200] {dagbag.py:525} INFO - Filling up the DagBag from /home/julien/.local/lib/python3.10/site-packages/airflow/example_dags/subdags/subdag.py
[2023-05-18T11:06:24.392+0200] {processor.py:770} WARNING - No viable dags retrieved from /home/julien/.local/lib/python3.10/site-packages/airflow/example_dags/subdags/subdag.py
[2023-05-18T11:06:24.399+0200] {processor.py:178} INFO - Processing /home/julien/.local/lib/python3.10/site-packages/airflow/example_dags/subdags/subdag.py took 0.018 seconds
[2023-05-18T11:07:00.677+0200] {processor.py:156} INFO - Started process (PID=1892) to work on /home/julien/.local/lib/python3.10/site-packages/airflow/example_dags/subdags/subdag.py
[2023-05-18T11:07:00.680+0200] {processor.py:758} INFO - Processing file /home/julien/.local/lib/python3.10/site-packages/airflow/example_dags/subdags/subdag.py for tasks to queue
[2023-05-18T11:07:00.681+0200] {logging_mixin.py:117} INFO - [2023-05-18T11:07:00.681+0200] {dagbag.py:525} INFO - Filling up the DagBag from /home/julien/.local/lib/python3.10/site-packages/airflow/example_dags/subdags/subdag.py
[2023-05-18T11:07:00.683+0200] {processor.py:770} WARNING - No viable dags retrieved from /home/julien/.local/lib/python3.10/site-packages/airflow/example_dags/subdags/subdag.py
[2023-05-18T11:07:00.689+0200] {processor.py:178} INFO - Processing /home/julien/.local/lib/python3.10/site-packages/airflow/example_dags/subdags/subdag.py took 0.015 seconds
[2023-05-18T11:07:37.055+0200] {processor.py:156} INFO - Started process (PID=1928) to work on /home/julien/.local/lib/python3.10/site-packages/airflow/example_dags/subdags/subdag.py
[2023-05-18T11:07:37.056+0200] {processor.py:758} INFO - Processing file /home/julien/.local/lib/python3.10/site-packages/airflow/example_dags/subdags/subdag.py for tasks to queue
[2023-05-18T11:07:37.056+0200] {logging_mixin.py:117} INFO - [2023-05-18T11:07:37.056+0200] {dagbag.py:525} INFO - Filling up the DagBag from /home/julien/.local/lib/python3.10/site-packages/airflow/example_dags/subdags/subdag.py
[2023-05-18T11:07:37.059+0200] {processor.py:770} WARNING - No viable dags retrieved from /home/julien/.local/lib/python3.10/site-packages/airflow/example_dags/subdags/subdag.py
[2023-05-18T11:07:37.065+0200] {processor.py:178} INFO - Processing /home/julien/.local/lib/python3.10/site-packages/airflow/example_dags/subdags/subdag.py took 0.012 seconds
[2023-05-18T11:08:13.067+0200] {processor.py:156} INFO - Started process (PID=1964) to work on /home/julien/.local/lib/python3.10/site-packages/airflow/example_dags/subdags/subdag.py
[2023-05-18T11:08:13.070+0200] {processor.py:758} INFO - Processing file /home/julien/.local/lib/python3.10/site-packages/airflow/example_dags/subdags/subdag.py for tasks to queue
[2023-05-18T11:08:13.071+0200] {logging_mixin.py:117} INFO - [2023-05-18T11:08:13.071+0200] {dagbag.py:525} INFO - Filling up the DagBag from /home/julien/.local/lib/python3.10/site-packages/airflow/example_dags/subdags/subdag.py
[2023-05-18T11:08:13.073+0200] {processor.py:770} WARNING - No viable dags retrieved from /home/julien/.local/lib/python3.10/site-packages/airflow/example_dags/subdags/subdag.py
[2023-05-18T11:08:13.080+0200] {processor.py:178} INFO - Processing /home/julien/.local/lib/python3.10/site-packages/airflow/example_dags/subdags/subdag.py took 0.015 seconds
[2023-05-18T11:08:48.098+0200] {processor.py:156} INFO - Started process (PID=2000) to work on /home/julien/.local/lib/python3.10/site-packages/airflow/example_dags/subdags/subdag.py
[2023-05-18T11:08:48.101+0200] {processor.py:758} INFO - Processing file /home/julien/.local/lib/python3.10/site-packages/airflow/example_dags/subdags/subdag.py for tasks to queue
[2023-05-18T11:08:48.102+0200] {logging_mixin.py:117} INFO - [2023-05-18T11:08:48.102+0200] {dagbag.py:525} INFO - Filling up the DagBag from /home/julien/.local/lib/python3.10/site-packages/airflow/example_dags/subdags/subdag.py
[2023-05-18T11:08:48.104+0200] {processor.py:770} WARNING - No viable dags retrieved from /home/julien/.local/lib/python3.10/site-packages/airflow/example_dags/subdags/subdag.py
[2023-05-18T11:08:48.110+0200] {processor.py:178} INFO - Processing /home/julien/.local/lib/python3.10/site-packages/airflow/example_dags/subdags/subdag.py took 0.014 seconds
[2023-05-18T11:09:23.020+0200] {processor.py:156} INFO - Started process (PID=2036) to work on /home/julien/.local/lib/python3.10/site-packages/airflow/example_dags/subdags/subdag.py
[2023-05-18T11:09:23.024+0200] {processor.py:758} INFO - Processing file /home/julien/.local/lib/python3.10/site-packages/airflow/example_dags/subdags/subdag.py for tasks to queue
[2023-05-18T11:09:23.024+0200] {logging_mixin.py:117} INFO - [2023-05-18T11:09:23.024+0200] {dagbag.py:525} INFO - Filling up the DagBag from /home/julien/.local/lib/python3.10/site-packages/airflow/example_dags/subdags/subdag.py
[2023-05-18T11:09:23.028+0200] {processor.py:770} WARNING - No viable dags retrieved from /home/julien/.local/lib/python3.10/site-packages/airflow/example_dags/subdags/subdag.py
[2023-05-18T11:09:23.034+0200] {processor.py:178} INFO - Processing /home/julien/.local/lib/python3.10/site-packages/airflow/example_dags/subdags/subdag.py took 0.016 seconds
[2023-05-18T11:09:59.725+0200] {processor.py:156} INFO - Started process (PID=2072) to work on /home/julien/.local/lib/python3.10/site-packages/airflow/example_dags/subdags/subdag.py
[2023-05-18T11:09:59.729+0200] {processor.py:758} INFO - Processing file /home/julien/.local/lib/python3.10/site-packages/airflow/example_dags/subdags/subdag.py for tasks to queue
[2023-05-18T11:09:59.729+0200] {logging_mixin.py:117} INFO - [2023-05-18T11:09:59.729+0200] {dagbag.py:525} INFO - Filling up the DagBag from /home/julien/.local/lib/python3.10/site-packages/airflow/example_dags/subdags/subdag.py
[2023-05-18T11:09:59.732+0200] {processor.py:770} WARNING - No viable dags retrieved from /home/julien/.local/lib/python3.10/site-packages/airflow/example_dags/subdags/subdag.py
[2023-05-18T11:09:59.739+0200] {processor.py:178} INFO - Processing /home/julien/.local/lib/python3.10/site-packages/airflow/example_dags/subdags/subdag.py took 0.015 seconds
[2023-05-18T11:10:33.703+0200] {processor.py:156} INFO - Started process (PID=2108) to work on /home/julien/.local/lib/python3.10/site-packages/airflow/example_dags/subdags/subdag.py
[2023-05-18T11:10:33.707+0200] {processor.py:758} INFO - Processing file /home/julien/.local/lib/python3.10/site-packages/airflow/example_dags/subdags/subdag.py for tasks to queue
[2023-05-18T11:10:33.707+0200] {logging_mixin.py:117} INFO - [2023-05-18T11:10:33.707+0200] {dagbag.py:525} INFO - Filling up the DagBag from /home/julien/.local/lib/python3.10/site-packages/airflow/example_dags/subdags/subdag.py
[2023-05-18T11:10:33.710+0200] {processor.py:770} WARNING - No viable dags retrieved from /home/julien/.local/lib/python3.10/site-packages/airflow/example_dags/subdags/subdag.py
[2023-05-18T11:10:33.721+0200] {processor.py:178} INFO - Processing /home/julien/.local/lib/python3.10/site-packages/airflow/example_dags/subdags/subdag.py took 0.020 seconds
[2023-05-18T11:11:09.765+0200] {processor.py:156} INFO - Started process (PID=2144) to work on /home/julien/.local/lib/python3.10/site-packages/airflow/example_dags/subdags/subdag.py
[2023-05-18T11:11:09.768+0200] {processor.py:758} INFO - Processing file /home/julien/.local/lib/python3.10/site-packages/airflow/example_dags/subdags/subdag.py for tasks to queue
[2023-05-18T11:11:09.769+0200] {logging_mixin.py:117} INFO - [2023-05-18T11:11:09.769+0200] {dagbag.py:525} INFO - Filling up the DagBag from /home/julien/.local/lib/python3.10/site-packages/airflow/example_dags/subdags/subdag.py
[2023-05-18T11:11:09.772+0200] {processor.py:770} WARNING - No viable dags retrieved from /home/julien/.local/lib/python3.10/site-packages/airflow/example_dags/subdags/subdag.py
[2023-05-18T11:11:09.780+0200] {processor.py:178} INFO - Processing /home/julien/.local/lib/python3.10/site-packages/airflow/example_dags/subdags/subdag.py took 0.018 seconds
[2023-05-18T11:11:44.054+0200] {processor.py:156} INFO - Started process (PID=2180) to work on /home/julien/.local/lib/python3.10/site-packages/airflow/example_dags/subdags/subdag.py
[2023-05-18T11:11:44.055+0200] {processor.py:758} INFO - Processing file /home/julien/.local/lib/python3.10/site-packages/airflow/example_dags/subdags/subdag.py for tasks to queue
[2023-05-18T11:11:44.056+0200] {logging_mixin.py:117} INFO - [2023-05-18T11:11:44.056+0200] {dagbag.py:525} INFO - Filling up the DagBag from /home/julien/.local/lib/python3.10/site-packages/airflow/example_dags/subdags/subdag.py
[2023-05-18T11:11:44.059+0200] {processor.py:770} WARNING - No viable dags retrieved from /home/julien/.local/lib/python3.10/site-packages/airflow/example_dags/subdags/subdag.py
[2023-05-18T11:11:44.068+0200] {processor.py:178} INFO - Processing /home/julien/.local/lib/python3.10/site-packages/airflow/example_dags/subdags/subdag.py took 0.017 seconds
[2023-05-18T11:12:19.695+0200] {processor.py:156} INFO - Started process (PID=2216) to work on /home/julien/.local/lib/python3.10/site-packages/airflow/example_dags/subdags/subdag.py
[2023-05-18T11:12:19.699+0200] {processor.py:758} INFO - Processing file /home/julien/.local/lib/python3.10/site-packages/airflow/example_dags/subdags/subdag.py for tasks to queue
[2023-05-18T11:12:19.700+0200] {logging_mixin.py:117} INFO - [2023-05-18T11:12:19.700+0200] {dagbag.py:525} INFO - Filling up the DagBag from /home/julien/.local/lib/python3.10/site-packages/airflow/example_dags/subdags/subdag.py
[2023-05-18T11:12:19.705+0200] {processor.py:770} WARNING - No viable dags retrieved from /home/julien/.local/lib/python3.10/site-packages/airflow/example_dags/subdags/subdag.py
[2023-05-18T11:12:19.714+0200] {processor.py:178} INFO - Processing /home/julien/.local/lib/python3.10/site-packages/airflow/example_dags/subdags/subdag.py took 0.021 seconds
[2023-05-18T11:12:56.359+0200] {processor.py:156} INFO - Started process (PID=2252) to work on /home/julien/.local/lib/python3.10/site-packages/airflow/example_dags/subdags/subdag.py
[2023-05-18T11:12:56.363+0200] {processor.py:758} INFO - Processing file /home/julien/.local/lib/python3.10/site-packages/airflow/example_dags/subdags/subdag.py for tasks to queue
[2023-05-18T11:12:56.363+0200] {logging_mixin.py:117} INFO - [2023-05-18T11:12:56.363+0200] {dagbag.py:525} INFO - Filling up the DagBag from /home/julien/.local/lib/python3.10/site-packages/airflow/example_dags/subdags/subdag.py
[2023-05-18T11:12:56.369+0200] {processor.py:770} WARNING - No viable dags retrieved from /home/julien/.local/lib/python3.10/site-packages/airflow/example_dags/subdags/subdag.py
[2023-05-18T11:12:56.378+0200] {processor.py:178} INFO - Processing /home/julien/.local/lib/python3.10/site-packages/airflow/example_dags/subdags/subdag.py took 0.021 seconds
[2023-05-18T11:13:32.832+0200] {processor.py:156} INFO - Started process (PID=2288) to work on /home/julien/.local/lib/python3.10/site-packages/airflow/example_dags/subdags/subdag.py
[2023-05-18T11:13:32.835+0200] {processor.py:758} INFO - Processing file /home/julien/.local/lib/python3.10/site-packages/airflow/example_dags/subdags/subdag.py for tasks to queue
[2023-05-18T11:13:32.836+0200] {logging_mixin.py:117} INFO - [2023-05-18T11:13:32.836+0200] {dagbag.py:525} INFO - Filling up the DagBag from /home/julien/.local/lib/python3.10/site-packages/airflow/example_dags/subdags/subdag.py
[2023-05-18T11:13:32.839+0200] {processor.py:770} WARNING - No viable dags retrieved from /home/julien/.local/lib/python3.10/site-packages/airflow/example_dags/subdags/subdag.py
[2023-05-18T11:13:32.846+0200] {processor.py:178} INFO - Processing /home/julien/.local/lib/python3.10/site-packages/airflow/example_dags/subdags/subdag.py took 0.017 seconds
[2023-05-18T11:14:08.126+0200] {processor.py:156} INFO - Started process (PID=2324) to work on /home/julien/.local/lib/python3.10/site-packages/airflow/example_dags/subdags/subdag.py
[2023-05-18T11:14:08.129+0200] {processor.py:758} INFO - Processing file /home/julien/.local/lib/python3.10/site-packages/airflow/example_dags/subdags/subdag.py for tasks to queue
[2023-05-18T11:14:08.130+0200] {logging_mixin.py:117} INFO - [2023-05-18T11:14:08.130+0200] {dagbag.py:525} INFO - Filling up the DagBag from /home/julien/.local/lib/python3.10/site-packages/airflow/example_dags/subdags/subdag.py
[2023-05-18T11:14:08.133+0200] {processor.py:770} WARNING - No viable dags retrieved from /home/julien/.local/lib/python3.10/site-packages/airflow/example_dags/subdags/subdag.py
[2023-05-18T11:14:08.139+0200] {processor.py:178} INFO - Processing /home/julien/.local/lib/python3.10/site-packages/airflow/example_dags/subdags/subdag.py took 0.016 seconds
[2023-05-18T11:14:44.986+0200] {processor.py:156} INFO - Started process (PID=2360) to work on /home/julien/.local/lib/python3.10/site-packages/airflow/example_dags/subdags/subdag.py
[2023-05-18T11:14:44.987+0200] {processor.py:758} INFO - Processing file /home/julien/.local/lib/python3.10/site-packages/airflow/example_dags/subdags/subdag.py for tasks to queue
[2023-05-18T11:14:44.988+0200] {logging_mixin.py:117} INFO - [2023-05-18T11:14:44.988+0200] {dagbag.py:525} INFO - Filling up the DagBag from /home/julien/.local/lib/python3.10/site-packages/airflow/example_dags/subdags/subdag.py
[2023-05-18T11:14:44.991+0200] {processor.py:770} WARNING - No viable dags retrieved from /home/julien/.local/lib/python3.10/site-packages/airflow/example_dags/subdags/subdag.py
[2023-05-18T11:14:45.002+0200] {processor.py:178} INFO - Processing /home/julien/.local/lib/python3.10/site-packages/airflow/example_dags/subdags/subdag.py took 0.019 seconds
[2023-05-18T11:15:25.250+0200] {processor.py:156} INFO - Started process (PID=2399) to work on /home/julien/.local/lib/python3.10/site-packages/airflow/example_dags/subdags/subdag.py
[2023-05-18T11:15:25.253+0200] {processor.py:758} INFO - Processing file /home/julien/.local/lib/python3.10/site-packages/airflow/example_dags/subdags/subdag.py for tasks to queue
[2023-05-18T11:15:25.254+0200] {logging_mixin.py:117} INFO - [2023-05-18T11:15:25.254+0200] {dagbag.py:525} INFO - Filling up the DagBag from /home/julien/.local/lib/python3.10/site-packages/airflow/example_dags/subdags/subdag.py
[2023-05-18T11:15:25.257+0200] {processor.py:770} WARNING - No viable dags retrieved from /home/julien/.local/lib/python3.10/site-packages/airflow/example_dags/subdags/subdag.py
[2023-05-18T11:15:25.264+0200] {processor.py:178} INFO - Processing /home/julien/.local/lib/python3.10/site-packages/airflow/example_dags/subdags/subdag.py took 0.016 seconds
[2023-05-18T11:16:01.732+0200] {processor.py:156} INFO - Started process (PID=2435) to work on /home/julien/.local/lib/python3.10/site-packages/airflow/example_dags/subdags/subdag.py
[2023-05-18T11:16:01.736+0200] {processor.py:758} INFO - Processing file /home/julien/.local/lib/python3.10/site-packages/airflow/example_dags/subdags/subdag.py for tasks to queue
[2023-05-18T11:16:01.736+0200] {logging_mixin.py:117} INFO - [2023-05-18T11:16:01.736+0200] {dagbag.py:525} INFO - Filling up the DagBag from /home/julien/.local/lib/python3.10/site-packages/airflow/example_dags/subdags/subdag.py
[2023-05-18T11:16:01.739+0200] {processor.py:770} WARNING - No viable dags retrieved from /home/julien/.local/lib/python3.10/site-packages/airflow/example_dags/subdags/subdag.py
[2023-05-18T11:16:01.751+0200] {processor.py:178} INFO - Processing /home/julien/.local/lib/python3.10/site-packages/airflow/example_dags/subdags/subdag.py took 0.021 seconds
[2023-05-18T11:16:37.264+0200] {processor.py:156} INFO - Started process (PID=2471) to work on /home/julien/.local/lib/python3.10/site-packages/airflow/example_dags/subdags/subdag.py
[2023-05-18T11:16:37.267+0200] {processor.py:758} INFO - Processing file /home/julien/.local/lib/python3.10/site-packages/airflow/example_dags/subdags/subdag.py for tasks to queue
[2023-05-18T11:16:37.268+0200] {logging_mixin.py:117} INFO - [2023-05-18T11:16:37.268+0200] {dagbag.py:525} INFO - Filling up the DagBag from /home/julien/.local/lib/python3.10/site-packages/airflow/example_dags/subdags/subdag.py
[2023-05-18T11:16:37.270+0200] {processor.py:770} WARNING - No viable dags retrieved from /home/julien/.local/lib/python3.10/site-packages/airflow/example_dags/subdags/subdag.py
[2023-05-18T11:16:37.277+0200] {processor.py:178} INFO - Processing /home/julien/.local/lib/python3.10/site-packages/airflow/example_dags/subdags/subdag.py took 0.015 seconds
[2023-05-18T11:17:12.173+0200] {processor.py:156} INFO - Started process (PID=2507) to work on /home/julien/.local/lib/python3.10/site-packages/airflow/example_dags/subdags/subdag.py
[2023-05-18T11:17:12.175+0200] {processor.py:758} INFO - Processing file /home/julien/.local/lib/python3.10/site-packages/airflow/example_dags/subdags/subdag.py for tasks to queue
[2023-05-18T11:17:12.176+0200] {logging_mixin.py:117} INFO - [2023-05-18T11:17:12.175+0200] {dagbag.py:525} INFO - Filling up the DagBag from /home/julien/.local/lib/python3.10/site-packages/airflow/example_dags/subdags/subdag.py
[2023-05-18T11:17:12.179+0200] {processor.py:770} WARNING - No viable dags retrieved from /home/julien/.local/lib/python3.10/site-packages/airflow/example_dags/subdags/subdag.py
[2023-05-18T11:17:12.186+0200] {processor.py:178} INFO - Processing /home/julien/.local/lib/python3.10/site-packages/airflow/example_dags/subdags/subdag.py took 0.016 seconds
[2023-05-18T11:17:48.395+0200] {processor.py:156} INFO - Started process (PID=2543) to work on /home/julien/.local/lib/python3.10/site-packages/airflow/example_dags/subdags/subdag.py
[2023-05-18T11:17:48.399+0200] {processor.py:758} INFO - Processing file /home/julien/.local/lib/python3.10/site-packages/airflow/example_dags/subdags/subdag.py for tasks to queue
[2023-05-18T11:17:48.399+0200] {logging_mixin.py:117} INFO - [2023-05-18T11:17:48.399+0200] {dagbag.py:525} INFO - Filling up the DagBag from /home/julien/.local/lib/python3.10/site-packages/airflow/example_dags/subdags/subdag.py
[2023-05-18T11:17:48.402+0200] {processor.py:770} WARNING - No viable dags retrieved from /home/julien/.local/lib/python3.10/site-packages/airflow/example_dags/subdags/subdag.py
[2023-05-18T11:17:48.411+0200] {processor.py:178} INFO - Processing /home/julien/.local/lib/python3.10/site-packages/airflow/example_dags/subdags/subdag.py took 0.018 seconds
[2023-05-18T11:18:23.555+0200] {processor.py:156} INFO - Started process (PID=2579) to work on /home/julien/.local/lib/python3.10/site-packages/airflow/example_dags/subdags/subdag.py
[2023-05-18T11:18:23.559+0200] {processor.py:758} INFO - Processing file /home/julien/.local/lib/python3.10/site-packages/airflow/example_dags/subdags/subdag.py for tasks to queue
[2023-05-18T11:18:23.559+0200] {logging_mixin.py:117} INFO - [2023-05-18T11:18:23.559+0200] {dagbag.py:525} INFO - Filling up the DagBag from /home/julien/.local/lib/python3.10/site-packages/airflow/example_dags/subdags/subdag.py
[2023-05-18T11:18:23.562+0200] {processor.py:770} WARNING - No viable dags retrieved from /home/julien/.local/lib/python3.10/site-packages/airflow/example_dags/subdags/subdag.py
[2023-05-18T11:18:23.568+0200] {processor.py:178} INFO - Processing /home/julien/.local/lib/python3.10/site-packages/airflow/example_dags/subdags/subdag.py took 0.016 seconds
[2023-05-18T11:18:59.587+0200] {processor.py:156} INFO - Started process (PID=2615) to work on /home/julien/.local/lib/python3.10/site-packages/airflow/example_dags/subdags/subdag.py
[2023-05-18T11:18:59.590+0200] {processor.py:758} INFO - Processing file /home/julien/.local/lib/python3.10/site-packages/airflow/example_dags/subdags/subdag.py for tasks to queue
[2023-05-18T11:18:59.591+0200] {logging_mixin.py:117} INFO - [2023-05-18T11:18:59.591+0200] {dagbag.py:525} INFO - Filling up the DagBag from /home/julien/.local/lib/python3.10/site-packages/airflow/example_dags/subdags/subdag.py
[2023-05-18T11:18:59.594+0200] {processor.py:770} WARNING - No viable dags retrieved from /home/julien/.local/lib/python3.10/site-packages/airflow/example_dags/subdags/subdag.py
[2023-05-18T11:18:59.601+0200] {processor.py:178} INFO - Processing /home/julien/.local/lib/python3.10/site-packages/airflow/example_dags/subdags/subdag.py took 0.017 seconds
[2023-05-18T11:19:36.900+0200] {processor.py:156} INFO - Started process (PID=2651) to work on /home/julien/.local/lib/python3.10/site-packages/airflow/example_dags/subdags/subdag.py
[2023-05-18T11:19:36.904+0200] {processor.py:758} INFO - Processing file /home/julien/.local/lib/python3.10/site-packages/airflow/example_dags/subdags/subdag.py for tasks to queue
[2023-05-18T11:19:36.904+0200] {logging_mixin.py:117} INFO - [2023-05-18T11:19:36.904+0200] {dagbag.py:525} INFO - Filling up the DagBag from /home/julien/.local/lib/python3.10/site-packages/airflow/example_dags/subdags/subdag.py
[2023-05-18T11:19:36.907+0200] {processor.py:770} WARNING - No viable dags retrieved from /home/julien/.local/lib/python3.10/site-packages/airflow/example_dags/subdags/subdag.py
[2023-05-18T11:19:36.914+0200] {processor.py:178} INFO - Processing /home/julien/.local/lib/python3.10/site-packages/airflow/example_dags/subdags/subdag.py took 0.016 seconds
[2023-05-18T11:20:13.091+0200] {processor.py:156} INFO - Started process (PID=2687) to work on /home/julien/.local/lib/python3.10/site-packages/airflow/example_dags/subdags/subdag.py
[2023-05-18T11:20:13.094+0200] {processor.py:758} INFO - Processing file /home/julien/.local/lib/python3.10/site-packages/airflow/example_dags/subdags/subdag.py for tasks to queue
[2023-05-18T11:20:13.095+0200] {logging_mixin.py:117} INFO - [2023-05-18T11:20:13.094+0200] {dagbag.py:525} INFO - Filling up the DagBag from /home/julien/.local/lib/python3.10/site-packages/airflow/example_dags/subdags/subdag.py
[2023-05-18T11:20:13.097+0200] {processor.py:770} WARNING - No viable dags retrieved from /home/julien/.local/lib/python3.10/site-packages/airflow/example_dags/subdags/subdag.py
[2023-05-18T11:20:13.104+0200] {processor.py:178} INFO - Processing /home/julien/.local/lib/python3.10/site-packages/airflow/example_dags/subdags/subdag.py took 0.016 seconds
[2023-05-18T11:20:51.815+0200] {processor.py:156} INFO - Started process (PID=2723) to work on /home/julien/.local/lib/python3.10/site-packages/airflow/example_dags/subdags/subdag.py
[2023-05-18T11:20:51.816+0200] {processor.py:758} INFO - Processing file /home/julien/.local/lib/python3.10/site-packages/airflow/example_dags/subdags/subdag.py for tasks to queue
[2023-05-18T11:20:51.817+0200] {logging_mixin.py:117} INFO - [2023-05-18T11:20:51.817+0200] {dagbag.py:525} INFO - Filling up the DagBag from /home/julien/.local/lib/python3.10/site-packages/airflow/example_dags/subdags/subdag.py
[2023-05-18T11:20:51.820+0200] {processor.py:770} WARNING - No viable dags retrieved from /home/julien/.local/lib/python3.10/site-packages/airflow/example_dags/subdags/subdag.py
[2023-05-18T11:20:51.826+0200] {processor.py:178} INFO - Processing /home/julien/.local/lib/python3.10/site-packages/airflow/example_dags/subdags/subdag.py took 0.013 seconds
[2023-05-18T11:21:29.176+0200] {processor.py:156} INFO - Started process (PID=2759) to work on /home/julien/.local/lib/python3.10/site-packages/airflow/example_dags/subdags/subdag.py
[2023-05-18T11:21:29.179+0200] {processor.py:758} INFO - Processing file /home/julien/.local/lib/python3.10/site-packages/airflow/example_dags/subdags/subdag.py for tasks to queue
[2023-05-18T11:21:29.180+0200] {logging_mixin.py:117} INFO - [2023-05-18T11:21:29.180+0200] {dagbag.py:525} INFO - Filling up the DagBag from /home/julien/.local/lib/python3.10/site-packages/airflow/example_dags/subdags/subdag.py
[2023-05-18T11:21:29.182+0200] {processor.py:770} WARNING - No viable dags retrieved from /home/julien/.local/lib/python3.10/site-packages/airflow/example_dags/subdags/subdag.py
[2023-05-18T11:21:29.190+0200] {processor.py:178} INFO - Processing /home/julien/.local/lib/python3.10/site-packages/airflow/example_dags/subdags/subdag.py took 0.017 seconds
[2023-05-18T11:22:04.894+0200] {processor.py:156} INFO - Started process (PID=2795) to work on /home/julien/.local/lib/python3.10/site-packages/airflow/example_dags/subdags/subdag.py
[2023-05-18T11:22:04.897+0200] {processor.py:758} INFO - Processing file /home/julien/.local/lib/python3.10/site-packages/airflow/example_dags/subdags/subdag.py for tasks to queue
[2023-05-18T11:22:04.898+0200] {logging_mixin.py:117} INFO - [2023-05-18T11:22:04.898+0200] {dagbag.py:525} INFO - Filling up the DagBag from /home/julien/.local/lib/python3.10/site-packages/airflow/example_dags/subdags/subdag.py
[2023-05-18T11:22:04.902+0200] {processor.py:770} WARNING - No viable dags retrieved from /home/julien/.local/lib/python3.10/site-packages/airflow/example_dags/subdags/subdag.py
[2023-05-18T11:22:04.908+0200] {processor.py:178} INFO - Processing /home/julien/.local/lib/python3.10/site-packages/airflow/example_dags/subdags/subdag.py took 0.017 seconds
[2023-05-18T11:22:42.186+0200] {processor.py:156} INFO - Started process (PID=2831) to work on /home/julien/.local/lib/python3.10/site-packages/airflow/example_dags/subdags/subdag.py
[2023-05-18T11:22:42.187+0200] {processor.py:758} INFO - Processing file /home/julien/.local/lib/python3.10/site-packages/airflow/example_dags/subdags/subdag.py for tasks to queue
[2023-05-18T11:22:42.188+0200] {logging_mixin.py:117} INFO - [2023-05-18T11:22:42.188+0200] {dagbag.py:525} INFO - Filling up the DagBag from /home/julien/.local/lib/python3.10/site-packages/airflow/example_dags/subdags/subdag.py
[2023-05-18T11:22:42.190+0200] {processor.py:770} WARNING - No viable dags retrieved from /home/julien/.local/lib/python3.10/site-packages/airflow/example_dags/subdags/subdag.py
[2023-05-18T11:22:42.197+0200] {processor.py:178} INFO - Processing /home/julien/.local/lib/python3.10/site-packages/airflow/example_dags/subdags/subdag.py took 0.013 seconds
[2023-05-18T11:23:16.883+0200] {processor.py:156} INFO - Started process (PID=2867) to work on /home/julien/.local/lib/python3.10/site-packages/airflow/example_dags/subdags/subdag.py
[2023-05-18T11:23:16.887+0200] {processor.py:758} INFO - Processing file /home/julien/.local/lib/python3.10/site-packages/airflow/example_dags/subdags/subdag.py for tasks to queue
[2023-05-18T11:23:16.887+0200] {logging_mixin.py:117} INFO - [2023-05-18T11:23:16.887+0200] {dagbag.py:525} INFO - Filling up the DagBag from /home/julien/.local/lib/python3.10/site-packages/airflow/example_dags/subdags/subdag.py
[2023-05-18T11:23:16.891+0200] {processor.py:770} WARNING - No viable dags retrieved from /home/julien/.local/lib/python3.10/site-packages/airflow/example_dags/subdags/subdag.py
[2023-05-18T11:23:16.899+0200] {processor.py:178} INFO - Processing /home/julien/.local/lib/python3.10/site-packages/airflow/example_dags/subdags/subdag.py took 0.019 seconds
[2023-05-18T11:23:52.801+0200] {processor.py:156} INFO - Started process (PID=2903) to work on /home/julien/.local/lib/python3.10/site-packages/airflow/example_dags/subdags/subdag.py
[2023-05-18T11:23:52.804+0200] {processor.py:758} INFO - Processing file /home/julien/.local/lib/python3.10/site-packages/airflow/example_dags/subdags/subdag.py for tasks to queue
[2023-05-18T11:23:52.805+0200] {logging_mixin.py:117} INFO - [2023-05-18T11:23:52.805+0200] {dagbag.py:525} INFO - Filling up the DagBag from /home/julien/.local/lib/python3.10/site-packages/airflow/example_dags/subdags/subdag.py
[2023-05-18T11:23:52.807+0200] {processor.py:770} WARNING - No viable dags retrieved from /home/julien/.local/lib/python3.10/site-packages/airflow/example_dags/subdags/subdag.py
[2023-05-18T11:23:52.815+0200] {processor.py:178} INFO - Processing /home/julien/.local/lib/python3.10/site-packages/airflow/example_dags/subdags/subdag.py took 0.018 seconds
[2023-05-18T11:24:29.493+0200] {processor.py:156} INFO - Started process (PID=2939) to work on /home/julien/.local/lib/python3.10/site-packages/airflow/example_dags/subdags/subdag.py
[2023-05-18T11:24:29.496+0200] {processor.py:758} INFO - Processing file /home/julien/.local/lib/python3.10/site-packages/airflow/example_dags/subdags/subdag.py for tasks to queue
[2023-05-18T11:24:29.497+0200] {logging_mixin.py:117} INFO - [2023-05-18T11:24:29.496+0200] {dagbag.py:525} INFO - Filling up the DagBag from /home/julien/.local/lib/python3.10/site-packages/airflow/example_dags/subdags/subdag.py
[2023-05-18T11:24:29.499+0200] {processor.py:770} WARNING - No viable dags retrieved from /home/julien/.local/lib/python3.10/site-packages/airflow/example_dags/subdags/subdag.py
[2023-05-18T11:24:29.507+0200] {processor.py:178} INFO - Processing /home/julien/.local/lib/python3.10/site-packages/airflow/example_dags/subdags/subdag.py took 0.017 seconds
[2023-05-18T11:25:06.498+0200] {processor.py:156} INFO - Started process (PID=2975) to work on /home/julien/.local/lib/python3.10/site-packages/airflow/example_dags/subdags/subdag.py
[2023-05-18T11:25:06.501+0200] {processor.py:758} INFO - Processing file /home/julien/.local/lib/python3.10/site-packages/airflow/example_dags/subdags/subdag.py for tasks to queue
[2023-05-18T11:25:06.502+0200] {logging_mixin.py:117} INFO - [2023-05-18T11:25:06.502+0200] {dagbag.py:525} INFO - Filling up the DagBag from /home/julien/.local/lib/python3.10/site-packages/airflow/example_dags/subdags/subdag.py
[2023-05-18T11:25:06.505+0200] {processor.py:770} WARNING - No viable dags retrieved from /home/julien/.local/lib/python3.10/site-packages/airflow/example_dags/subdags/subdag.py
[2023-05-18T11:25:06.511+0200] {processor.py:178} INFO - Processing /home/julien/.local/lib/python3.10/site-packages/airflow/example_dags/subdags/subdag.py took 0.015 seconds
[2023-05-18T11:25:43.542+0200] {processor.py:156} INFO - Started process (PID=3011) to work on /home/julien/.local/lib/python3.10/site-packages/airflow/example_dags/subdags/subdag.py
[2023-05-18T11:25:43.547+0200] {processor.py:758} INFO - Processing file /home/julien/.local/lib/python3.10/site-packages/airflow/example_dags/subdags/subdag.py for tasks to queue
[2023-05-18T11:25:43.547+0200] {logging_mixin.py:117} INFO - [2023-05-18T11:25:43.547+0200] {dagbag.py:525} INFO - Filling up the DagBag from /home/julien/.local/lib/python3.10/site-packages/airflow/example_dags/subdags/subdag.py
[2023-05-18T11:25:43.550+0200] {processor.py:770} WARNING - No viable dags retrieved from /home/julien/.local/lib/python3.10/site-packages/airflow/example_dags/subdags/subdag.py
[2023-05-18T11:25:43.558+0200] {processor.py:178} INFO - Processing /home/julien/.local/lib/python3.10/site-packages/airflow/example_dags/subdags/subdag.py took 0.018 seconds
[2023-05-18T11:26:20.403+0200] {processor.py:156} INFO - Started process (PID=3047) to work on /home/julien/.local/lib/python3.10/site-packages/airflow/example_dags/subdags/subdag.py
[2023-05-18T11:26:20.404+0200] {processor.py:758} INFO - Processing file /home/julien/.local/lib/python3.10/site-packages/airflow/example_dags/subdags/subdag.py for tasks to queue
[2023-05-18T11:26:20.405+0200] {logging_mixin.py:117} INFO - [2023-05-18T11:26:20.404+0200] {dagbag.py:525} INFO - Filling up the DagBag from /home/julien/.local/lib/python3.10/site-packages/airflow/example_dags/subdags/subdag.py
[2023-05-18T11:26:20.409+0200] {processor.py:770} WARNING - No viable dags retrieved from /home/julien/.local/lib/python3.10/site-packages/airflow/example_dags/subdags/subdag.py
[2023-05-18T11:26:20.416+0200] {processor.py:178} INFO - Processing /home/julien/.local/lib/python3.10/site-packages/airflow/example_dags/subdags/subdag.py took 0.016 seconds
[2023-05-18T11:26:58.068+0200] {processor.py:156} INFO - Started process (PID=3083) to work on /home/julien/.local/lib/python3.10/site-packages/airflow/example_dags/subdags/subdag.py
[2023-05-18T11:26:58.071+0200] {processor.py:758} INFO - Processing file /home/julien/.local/lib/python3.10/site-packages/airflow/example_dags/subdags/subdag.py for tasks to queue
[2023-05-18T11:26:58.072+0200] {logging_mixin.py:117} INFO - [2023-05-18T11:26:58.072+0200] {dagbag.py:525} INFO - Filling up the DagBag from /home/julien/.local/lib/python3.10/site-packages/airflow/example_dags/subdags/subdag.py
[2023-05-18T11:26:58.075+0200] {processor.py:770} WARNING - No viable dags retrieved from /home/julien/.local/lib/python3.10/site-packages/airflow/example_dags/subdags/subdag.py
[2023-05-18T11:26:58.081+0200] {processor.py:178} INFO - Processing /home/julien/.local/lib/python3.10/site-packages/airflow/example_dags/subdags/subdag.py took 0.015 seconds
[2023-05-18T11:27:33.248+0200] {processor.py:156} INFO - Started process (PID=3119) to work on /home/julien/.local/lib/python3.10/site-packages/airflow/example_dags/subdags/subdag.py
[2023-05-18T11:27:33.251+0200] {processor.py:758} INFO - Processing file /home/julien/.local/lib/python3.10/site-packages/airflow/example_dags/subdags/subdag.py for tasks to queue
[2023-05-18T11:27:33.252+0200] {logging_mixin.py:117} INFO - [2023-05-18T11:27:33.252+0200] {dagbag.py:525} INFO - Filling up the DagBag from /home/julien/.local/lib/python3.10/site-packages/airflow/example_dags/subdags/subdag.py
[2023-05-18T11:27:33.255+0200] {processor.py:770} WARNING - No viable dags retrieved from /home/julien/.local/lib/python3.10/site-packages/airflow/example_dags/subdags/subdag.py
[2023-05-18T11:27:33.263+0200] {processor.py:178} INFO - Processing /home/julien/.local/lib/python3.10/site-packages/airflow/example_dags/subdags/subdag.py took 0.017 seconds
[2023-05-18T11:28:08.409+0200] {processor.py:156} INFO - Started process (PID=3155) to work on /home/julien/.local/lib/python3.10/site-packages/airflow/example_dags/subdags/subdag.py
[2023-05-18T11:28:08.412+0200] {processor.py:758} INFO - Processing file /home/julien/.local/lib/python3.10/site-packages/airflow/example_dags/subdags/subdag.py for tasks to queue
[2023-05-18T11:28:08.413+0200] {logging_mixin.py:117} INFO - [2023-05-18T11:28:08.412+0200] {dagbag.py:525} INFO - Filling up the DagBag from /home/julien/.local/lib/python3.10/site-packages/airflow/example_dags/subdags/subdag.py
[2023-05-18T11:28:08.415+0200] {processor.py:770} WARNING - No viable dags retrieved from /home/julien/.local/lib/python3.10/site-packages/airflow/example_dags/subdags/subdag.py
[2023-05-18T11:28:08.421+0200] {processor.py:178} INFO - Processing /home/julien/.local/lib/python3.10/site-packages/airflow/example_dags/subdags/subdag.py took 0.015 seconds
[2023-05-18T11:28:44.601+0200] {processor.py:156} INFO - Started process (PID=3191) to work on /home/julien/.local/lib/python3.10/site-packages/airflow/example_dags/subdags/subdag.py
[2023-05-18T11:28:44.604+0200] {processor.py:758} INFO - Processing file /home/julien/.local/lib/python3.10/site-packages/airflow/example_dags/subdags/subdag.py for tasks to queue
[2023-05-18T11:28:44.605+0200] {logging_mixin.py:117} INFO - [2023-05-18T11:28:44.605+0200] {dagbag.py:525} INFO - Filling up the DagBag from /home/julien/.local/lib/python3.10/site-packages/airflow/example_dags/subdags/subdag.py
[2023-05-18T11:28:44.608+0200] {processor.py:770} WARNING - No viable dags retrieved from /home/julien/.local/lib/python3.10/site-packages/airflow/example_dags/subdags/subdag.py
[2023-05-18T11:28:44.614+0200] {processor.py:178} INFO - Processing /home/julien/.local/lib/python3.10/site-packages/airflow/example_dags/subdags/subdag.py took 0.016 seconds
[2023-05-18T11:29:23.408+0200] {processor.py:156} INFO - Started process (PID=3227) to work on /home/julien/.local/lib/python3.10/site-packages/airflow/example_dags/subdags/subdag.py
[2023-05-18T11:29:23.410+0200] {processor.py:758} INFO - Processing file /home/julien/.local/lib/python3.10/site-packages/airflow/example_dags/subdags/subdag.py for tasks to queue
[2023-05-18T11:29:23.410+0200] {logging_mixin.py:117} INFO - [2023-05-18T11:29:23.410+0200] {dagbag.py:525} INFO - Filling up the DagBag from /home/julien/.local/lib/python3.10/site-packages/airflow/example_dags/subdags/subdag.py
[2023-05-18T11:29:23.413+0200] {processor.py:770} WARNING - No viable dags retrieved from /home/julien/.local/lib/python3.10/site-packages/airflow/example_dags/subdags/subdag.py
[2023-05-18T11:29:23.420+0200] {processor.py:178} INFO - Processing /home/julien/.local/lib/python3.10/site-packages/airflow/example_dags/subdags/subdag.py took 0.013 seconds
[2023-05-18T11:30:00.957+0200] {processor.py:156} INFO - Started process (PID=3263) to work on /home/julien/.local/lib/python3.10/site-packages/airflow/example_dags/subdags/subdag.py
[2023-05-18T11:30:00.960+0200] {processor.py:758} INFO - Processing file /home/julien/.local/lib/python3.10/site-packages/airflow/example_dags/subdags/subdag.py for tasks to queue
[2023-05-18T11:30:00.961+0200] {logging_mixin.py:117} INFO - [2023-05-18T11:30:00.960+0200] {dagbag.py:525} INFO - Filling up the DagBag from /home/julien/.local/lib/python3.10/site-packages/airflow/example_dags/subdags/subdag.py
[2023-05-18T11:30:00.964+0200] {processor.py:770} WARNING - No viable dags retrieved from /home/julien/.local/lib/python3.10/site-packages/airflow/example_dags/subdags/subdag.py
[2023-05-18T11:30:00.975+0200] {processor.py:178} INFO - Processing /home/julien/.local/lib/python3.10/site-packages/airflow/example_dags/subdags/subdag.py took 0.020 seconds
[2023-05-18T11:30:37.508+0200] {processor.py:156} INFO - Started process (PID=3299) to work on /home/julien/.local/lib/python3.10/site-packages/airflow/example_dags/subdags/subdag.py
[2023-05-18T11:30:37.512+0200] {processor.py:758} INFO - Processing file /home/julien/.local/lib/python3.10/site-packages/airflow/example_dags/subdags/subdag.py for tasks to queue
[2023-05-18T11:30:37.512+0200] {logging_mixin.py:117} INFO - [2023-05-18T11:30:37.512+0200] {dagbag.py:525} INFO - Filling up the DagBag from /home/julien/.local/lib/python3.10/site-packages/airflow/example_dags/subdags/subdag.py
[2023-05-18T11:30:37.517+0200] {processor.py:770} WARNING - No viable dags retrieved from /home/julien/.local/lib/python3.10/site-packages/airflow/example_dags/subdags/subdag.py
[2023-05-18T11:30:37.528+0200] {processor.py:178} INFO - Processing /home/julien/.local/lib/python3.10/site-packages/airflow/example_dags/subdags/subdag.py took 0.022 seconds
[2023-05-18T11:31:14.655+0200] {processor.py:156} INFO - Started process (PID=3335) to work on /home/julien/.local/lib/python3.10/site-packages/airflow/example_dags/subdags/subdag.py
[2023-05-18T11:31:14.658+0200] {processor.py:758} INFO - Processing file /home/julien/.local/lib/python3.10/site-packages/airflow/example_dags/subdags/subdag.py for tasks to queue
[2023-05-18T11:31:14.659+0200] {logging_mixin.py:117} INFO - [2023-05-18T11:31:14.659+0200] {dagbag.py:525} INFO - Filling up the DagBag from /home/julien/.local/lib/python3.10/site-packages/airflow/example_dags/subdags/subdag.py
[2023-05-18T11:31:14.662+0200] {processor.py:770} WARNING - No viable dags retrieved from /home/julien/.local/lib/python3.10/site-packages/airflow/example_dags/subdags/subdag.py
[2023-05-18T11:31:14.671+0200] {processor.py:178} INFO - Processing /home/julien/.local/lib/python3.10/site-packages/airflow/example_dags/subdags/subdag.py took 0.018 seconds
[2023-05-18T11:31:50.213+0200] {processor.py:156} INFO - Started process (PID=3371) to work on /home/julien/.local/lib/python3.10/site-packages/airflow/example_dags/subdags/subdag.py
[2023-05-18T11:31:50.217+0200] {processor.py:758} INFO - Processing file /home/julien/.local/lib/python3.10/site-packages/airflow/example_dags/subdags/subdag.py for tasks to queue
[2023-05-18T11:31:50.217+0200] {logging_mixin.py:117} INFO - [2023-05-18T11:31:50.217+0200] {dagbag.py:525} INFO - Filling up the DagBag from /home/julien/.local/lib/python3.10/site-packages/airflow/example_dags/subdags/subdag.py
[2023-05-18T11:31:50.221+0200] {processor.py:770} WARNING - No viable dags retrieved from /home/julien/.local/lib/python3.10/site-packages/airflow/example_dags/subdags/subdag.py
[2023-05-18T11:31:50.227+0200] {processor.py:178} INFO - Processing /home/julien/.local/lib/python3.10/site-packages/airflow/example_dags/subdags/subdag.py took 0.016 seconds
[2023-05-18T11:32:26.592+0200] {processor.py:156} INFO - Started process (PID=3407) to work on /home/julien/.local/lib/python3.10/site-packages/airflow/example_dags/subdags/subdag.py
[2023-05-18T11:32:26.595+0200] {processor.py:758} INFO - Processing file /home/julien/.local/lib/python3.10/site-packages/airflow/example_dags/subdags/subdag.py for tasks to queue
[2023-05-18T11:32:26.596+0200] {logging_mixin.py:117} INFO - [2023-05-18T11:32:26.596+0200] {dagbag.py:525} INFO - Filling up the DagBag from /home/julien/.local/lib/python3.10/site-packages/airflow/example_dags/subdags/subdag.py
[2023-05-18T11:32:26.600+0200] {processor.py:770} WARNING - No viable dags retrieved from /home/julien/.local/lib/python3.10/site-packages/airflow/example_dags/subdags/subdag.py
[2023-05-18T11:32:26.607+0200] {processor.py:178} INFO - Processing /home/julien/.local/lib/python3.10/site-packages/airflow/example_dags/subdags/subdag.py took 0.017 seconds
[2023-05-18T11:33:01.383+0200] {processor.py:156} INFO - Started process (PID=3443) to work on /home/julien/.local/lib/python3.10/site-packages/airflow/example_dags/subdags/subdag.py
[2023-05-18T11:33:01.385+0200] {processor.py:758} INFO - Processing file /home/julien/.local/lib/python3.10/site-packages/airflow/example_dags/subdags/subdag.py for tasks to queue
[2023-05-18T11:33:01.385+0200] {logging_mixin.py:117} INFO - [2023-05-18T11:33:01.385+0200] {dagbag.py:525} INFO - Filling up the DagBag from /home/julien/.local/lib/python3.10/site-packages/airflow/example_dags/subdags/subdag.py
[2023-05-18T11:33:01.388+0200] {processor.py:770} WARNING - No viable dags retrieved from /home/julien/.local/lib/python3.10/site-packages/airflow/example_dags/subdags/subdag.py
[2023-05-18T11:33:01.398+0200] {processor.py:178} INFO - Processing /home/julien/.local/lib/python3.10/site-packages/airflow/example_dags/subdags/subdag.py took 0.019 seconds
[2023-05-18T11:33:37.201+0200] {processor.py:156} INFO - Started process (PID=3479) to work on /home/julien/.local/lib/python3.10/site-packages/airflow/example_dags/subdags/subdag.py
[2023-05-18T11:33:37.202+0200] {processor.py:758} INFO - Processing file /home/julien/.local/lib/python3.10/site-packages/airflow/example_dags/subdags/subdag.py for tasks to queue
[2023-05-18T11:33:37.202+0200] {logging_mixin.py:117} INFO - [2023-05-18T11:33:37.202+0200] {dagbag.py:525} INFO - Filling up the DagBag from /home/julien/.local/lib/python3.10/site-packages/airflow/example_dags/subdags/subdag.py
[2023-05-18T11:33:37.205+0200] {processor.py:770} WARNING - No viable dags retrieved from /home/julien/.local/lib/python3.10/site-packages/airflow/example_dags/subdags/subdag.py
[2023-05-18T11:33:37.212+0200] {processor.py:178} INFO - Processing /home/julien/.local/lib/python3.10/site-packages/airflow/example_dags/subdags/subdag.py took 0.014 seconds
[2023-05-18T11:34:14.989+0200] {processor.py:156} INFO - Started process (PID=3515) to work on /home/julien/.local/lib/python3.10/site-packages/airflow/example_dags/subdags/subdag.py
[2023-05-18T11:34:14.993+0200] {processor.py:758} INFO - Processing file /home/julien/.local/lib/python3.10/site-packages/airflow/example_dags/subdags/subdag.py for tasks to queue
[2023-05-18T11:34:14.993+0200] {logging_mixin.py:117} INFO - [2023-05-18T11:34:14.993+0200] {dagbag.py:525} INFO - Filling up the DagBag from /home/julien/.local/lib/python3.10/site-packages/airflow/example_dags/subdags/subdag.py
[2023-05-18T11:34:14.997+0200] {processor.py:770} WARNING - No viable dags retrieved from /home/julien/.local/lib/python3.10/site-packages/airflow/example_dags/subdags/subdag.py
[2023-05-18T11:34:15.003+0200] {processor.py:178} INFO - Processing /home/julien/.local/lib/python3.10/site-packages/airflow/example_dags/subdags/subdag.py took 0.016 seconds
[2023-05-18T11:34:53.019+0200] {processor.py:156} INFO - Started process (PID=3551) to work on /home/julien/.local/lib/python3.10/site-packages/airflow/example_dags/subdags/subdag.py
[2023-05-18T11:34:53.023+0200] {processor.py:758} INFO - Processing file /home/julien/.local/lib/python3.10/site-packages/airflow/example_dags/subdags/subdag.py for tasks to queue
[2023-05-18T11:34:53.023+0200] {logging_mixin.py:117} INFO - [2023-05-18T11:34:53.023+0200] {dagbag.py:525} INFO - Filling up the DagBag from /home/julien/.local/lib/python3.10/site-packages/airflow/example_dags/subdags/subdag.py
[2023-05-18T11:34:53.026+0200] {processor.py:770} WARNING - No viable dags retrieved from /home/julien/.local/lib/python3.10/site-packages/airflow/example_dags/subdags/subdag.py
[2023-05-18T11:34:53.032+0200] {processor.py:178} INFO - Processing /home/julien/.local/lib/python3.10/site-packages/airflow/example_dags/subdags/subdag.py took 0.016 seconds
[2023-05-18T11:35:29.915+0200] {processor.py:156} INFO - Started process (PID=3587) to work on /home/julien/.local/lib/python3.10/site-packages/airflow/example_dags/subdags/subdag.py
[2023-05-18T11:35:29.919+0200] {processor.py:758} INFO - Processing file /home/julien/.local/lib/python3.10/site-packages/airflow/example_dags/subdags/subdag.py for tasks to queue
[2023-05-18T11:35:29.919+0200] {logging_mixin.py:117} INFO - [2023-05-18T11:35:29.919+0200] {dagbag.py:525} INFO - Filling up the DagBag from /home/julien/.local/lib/python3.10/site-packages/airflow/example_dags/subdags/subdag.py
[2023-05-18T11:35:29.924+0200] {processor.py:770} WARNING - No viable dags retrieved from /home/julien/.local/lib/python3.10/site-packages/airflow/example_dags/subdags/subdag.py
[2023-05-18T11:35:29.929+0200] {processor.py:178} INFO - Processing /home/julien/.local/lib/python3.10/site-packages/airflow/example_dags/subdags/subdag.py took 0.016 seconds
[2023-05-18T11:36:06.258+0200] {processor.py:156} INFO - Started process (PID=3623) to work on /home/julien/.local/lib/python3.10/site-packages/airflow/example_dags/subdags/subdag.py
[2023-05-18T11:36:06.261+0200] {processor.py:758} INFO - Processing file /home/julien/.local/lib/python3.10/site-packages/airflow/example_dags/subdags/subdag.py for tasks to queue
[2023-05-18T11:36:06.261+0200] {logging_mixin.py:117} INFO - [2023-05-18T11:36:06.261+0200] {dagbag.py:525} INFO - Filling up the DagBag from /home/julien/.local/lib/python3.10/site-packages/airflow/example_dags/subdags/subdag.py
[2023-05-18T11:36:06.264+0200] {processor.py:770} WARNING - No viable dags retrieved from /home/julien/.local/lib/python3.10/site-packages/airflow/example_dags/subdags/subdag.py
[2023-05-18T11:36:06.273+0200] {processor.py:178} INFO - Processing /home/julien/.local/lib/python3.10/site-packages/airflow/example_dags/subdags/subdag.py took 0.018 seconds
[2023-05-18T11:36:41.676+0200] {processor.py:156} INFO - Started process (PID=3659) to work on /home/julien/.local/lib/python3.10/site-packages/airflow/example_dags/subdags/subdag.py
[2023-05-18T11:36:41.677+0200] {processor.py:758} INFO - Processing file /home/julien/.local/lib/python3.10/site-packages/airflow/example_dags/subdags/subdag.py for tasks to queue
[2023-05-18T11:36:41.678+0200] {logging_mixin.py:117} INFO - [2023-05-18T11:36:41.678+0200] {dagbag.py:525} INFO - Filling up the DagBag from /home/julien/.local/lib/python3.10/site-packages/airflow/example_dags/subdags/subdag.py
[2023-05-18T11:36:41.682+0200] {processor.py:770} WARNING - No viable dags retrieved from /home/julien/.local/lib/python3.10/site-packages/airflow/example_dags/subdags/subdag.py
[2023-05-18T11:36:41.689+0200] {processor.py:178} INFO - Processing /home/julien/.local/lib/python3.10/site-packages/airflow/example_dags/subdags/subdag.py took 0.016 seconds
[2023-05-18T11:37:17.326+0200] {processor.py:156} INFO - Started process (PID=3695) to work on /home/julien/.local/lib/python3.10/site-packages/airflow/example_dags/subdags/subdag.py
[2023-05-18T11:37:17.329+0200] {processor.py:758} INFO - Processing file /home/julien/.local/lib/python3.10/site-packages/airflow/example_dags/subdags/subdag.py for tasks to queue
[2023-05-18T11:37:17.330+0200] {logging_mixin.py:117} INFO - [2023-05-18T11:37:17.330+0200] {dagbag.py:525} INFO - Filling up the DagBag from /home/julien/.local/lib/python3.10/site-packages/airflow/example_dags/subdags/subdag.py
[2023-05-18T11:37:17.332+0200] {processor.py:770} WARNING - No viable dags retrieved from /home/julien/.local/lib/python3.10/site-packages/airflow/example_dags/subdags/subdag.py
[2023-05-18T11:37:17.338+0200] {processor.py:178} INFO - Processing /home/julien/.local/lib/python3.10/site-packages/airflow/example_dags/subdags/subdag.py took 0.015 seconds
[2023-05-18T11:37:54.903+0200] {processor.py:156} INFO - Started process (PID=3731) to work on /home/julien/.local/lib/python3.10/site-packages/airflow/example_dags/subdags/subdag.py
[2023-05-18T11:37:54.906+0200] {processor.py:758} INFO - Processing file /home/julien/.local/lib/python3.10/site-packages/airflow/example_dags/subdags/subdag.py for tasks to queue
[2023-05-18T11:37:54.906+0200] {logging_mixin.py:117} INFO - [2023-05-18T11:37:54.906+0200] {dagbag.py:525} INFO - Filling up the DagBag from /home/julien/.local/lib/python3.10/site-packages/airflow/example_dags/subdags/subdag.py
[2023-05-18T11:37:54.909+0200] {processor.py:770} WARNING - No viable dags retrieved from /home/julien/.local/lib/python3.10/site-packages/airflow/example_dags/subdags/subdag.py
[2023-05-18T11:37:54.915+0200] {processor.py:178} INFO - Processing /home/julien/.local/lib/python3.10/site-packages/airflow/example_dags/subdags/subdag.py took 0.015 seconds
[2023-05-18T11:38:30.872+0200] {processor.py:156} INFO - Started process (PID=3767) to work on /home/julien/.local/lib/python3.10/site-packages/airflow/example_dags/subdags/subdag.py
[2023-05-18T11:38:30.876+0200] {processor.py:758} INFO - Processing file /home/julien/.local/lib/python3.10/site-packages/airflow/example_dags/subdags/subdag.py for tasks to queue
[2023-05-18T11:38:30.876+0200] {logging_mixin.py:117} INFO - [2023-05-18T11:38:30.876+0200] {dagbag.py:525} INFO - Filling up the DagBag from /home/julien/.local/lib/python3.10/site-packages/airflow/example_dags/subdags/subdag.py
[2023-05-18T11:38:30.881+0200] {processor.py:770} WARNING - No viable dags retrieved from /home/julien/.local/lib/python3.10/site-packages/airflow/example_dags/subdags/subdag.py
[2023-05-18T11:38:30.888+0200] {processor.py:178} INFO - Processing /home/julien/.local/lib/python3.10/site-packages/airflow/example_dags/subdags/subdag.py took 0.019 seconds
[2023-05-18T11:39:08.957+0200] {processor.py:156} INFO - Started process (PID=3803) to work on /home/julien/.local/lib/python3.10/site-packages/airflow/example_dags/subdags/subdag.py
[2023-05-18T11:39:08.959+0200] {processor.py:758} INFO - Processing file /home/julien/.local/lib/python3.10/site-packages/airflow/example_dags/subdags/subdag.py for tasks to queue
[2023-05-18T11:39:08.959+0200] {logging_mixin.py:117} INFO - [2023-05-18T11:39:08.959+0200] {dagbag.py:525} INFO - Filling up the DagBag from /home/julien/.local/lib/python3.10/site-packages/airflow/example_dags/subdags/subdag.py
[2023-05-18T11:39:08.962+0200] {processor.py:770} WARNING - No viable dags retrieved from /home/julien/.local/lib/python3.10/site-packages/airflow/example_dags/subdags/subdag.py
[2023-05-18T11:39:08.970+0200] {processor.py:178} INFO - Processing /home/julien/.local/lib/python3.10/site-packages/airflow/example_dags/subdags/subdag.py took 0.015 seconds
[2023-05-18T11:39:45.538+0200] {processor.py:156} INFO - Started process (PID=3839) to work on /home/julien/.local/lib/python3.10/site-packages/airflow/example_dags/subdags/subdag.py
[2023-05-18T11:39:45.542+0200] {processor.py:758} INFO - Processing file /home/julien/.local/lib/python3.10/site-packages/airflow/example_dags/subdags/subdag.py for tasks to queue
[2023-05-18T11:39:45.542+0200] {logging_mixin.py:117} INFO - [2023-05-18T11:39:45.542+0200] {dagbag.py:525} INFO - Filling up the DagBag from /home/julien/.local/lib/python3.10/site-packages/airflow/example_dags/subdags/subdag.py
[2023-05-18T11:39:45.546+0200] {processor.py:770} WARNING - No viable dags retrieved from /home/julien/.local/lib/python3.10/site-packages/airflow/example_dags/subdags/subdag.py
[2023-05-18T11:39:45.552+0200] {processor.py:178} INFO - Processing /home/julien/.local/lib/python3.10/site-packages/airflow/example_dags/subdags/subdag.py took 0.016 seconds
[2023-05-18T11:40:22.252+0200] {processor.py:156} INFO - Started process (PID=3875) to work on /home/julien/.local/lib/python3.10/site-packages/airflow/example_dags/subdags/subdag.py
[2023-05-18T11:40:22.255+0200] {processor.py:758} INFO - Processing file /home/julien/.local/lib/python3.10/site-packages/airflow/example_dags/subdags/subdag.py for tasks to queue
[2023-05-18T11:40:22.256+0200] {logging_mixin.py:117} INFO - [2023-05-18T11:40:22.256+0200] {dagbag.py:525} INFO - Filling up the DagBag from /home/julien/.local/lib/python3.10/site-packages/airflow/example_dags/subdags/subdag.py
[2023-05-18T11:40:22.258+0200] {processor.py:770} WARNING - No viable dags retrieved from /home/julien/.local/lib/python3.10/site-packages/airflow/example_dags/subdags/subdag.py
[2023-05-18T11:40:22.264+0200] {processor.py:178} INFO - Processing /home/julien/.local/lib/python3.10/site-packages/airflow/example_dags/subdags/subdag.py took 0.015 seconds
[2023-05-18T11:40:57.210+0200] {processor.py:156} INFO - Started process (PID=3911) to work on /home/julien/.local/lib/python3.10/site-packages/airflow/example_dags/subdags/subdag.py
[2023-05-18T11:40:57.214+0200] {processor.py:758} INFO - Processing file /home/julien/.local/lib/python3.10/site-packages/airflow/example_dags/subdags/subdag.py for tasks to queue
[2023-05-18T11:40:57.215+0200] {logging_mixin.py:117} INFO - [2023-05-18T11:40:57.215+0200] {dagbag.py:525} INFO - Filling up the DagBag from /home/julien/.local/lib/python3.10/site-packages/airflow/example_dags/subdags/subdag.py
[2023-05-18T11:40:57.218+0200] {processor.py:770} WARNING - No viable dags retrieved from /home/julien/.local/lib/python3.10/site-packages/airflow/example_dags/subdags/subdag.py
[2023-05-18T11:40:57.224+0200] {processor.py:178} INFO - Processing /home/julien/.local/lib/python3.10/site-packages/airflow/example_dags/subdags/subdag.py took 0.016 seconds
[2023-05-18T11:41:34.390+0200] {processor.py:156} INFO - Started process (PID=3947) to work on /home/julien/.local/lib/python3.10/site-packages/airflow/example_dags/subdags/subdag.py
[2023-05-18T11:41:34.394+0200] {processor.py:758} INFO - Processing file /home/julien/.local/lib/python3.10/site-packages/airflow/example_dags/subdags/subdag.py for tasks to queue
[2023-05-18T11:41:34.394+0200] {logging_mixin.py:117} INFO - [2023-05-18T11:41:34.394+0200] {dagbag.py:525} INFO - Filling up the DagBag from /home/julien/.local/lib/python3.10/site-packages/airflow/example_dags/subdags/subdag.py
[2023-05-18T11:41:34.398+0200] {processor.py:770} WARNING - No viable dags retrieved from /home/julien/.local/lib/python3.10/site-packages/airflow/example_dags/subdags/subdag.py
[2023-05-18T11:41:34.404+0200] {processor.py:178} INFO - Processing /home/julien/.local/lib/python3.10/site-packages/airflow/example_dags/subdags/subdag.py took 0.016 seconds
[2023-05-18T11:42:09.869+0200] {processor.py:156} INFO - Started process (PID=3983) to work on /home/julien/.local/lib/python3.10/site-packages/airflow/example_dags/subdags/subdag.py
[2023-05-18T11:42:09.872+0200] {processor.py:758} INFO - Processing file /home/julien/.local/lib/python3.10/site-packages/airflow/example_dags/subdags/subdag.py for tasks to queue
[2023-05-18T11:42:09.873+0200] {logging_mixin.py:117} INFO - [2023-05-18T11:42:09.873+0200] {dagbag.py:525} INFO - Filling up the DagBag from /home/julien/.local/lib/python3.10/site-packages/airflow/example_dags/subdags/subdag.py
[2023-05-18T11:42:09.875+0200] {processor.py:770} WARNING - No viable dags retrieved from /home/julien/.local/lib/python3.10/site-packages/airflow/example_dags/subdags/subdag.py
[2023-05-18T11:42:09.881+0200] {processor.py:178} INFO - Processing /home/julien/.local/lib/python3.10/site-packages/airflow/example_dags/subdags/subdag.py took 0.016 seconds
[2023-05-18T11:42:45.439+0200] {processor.py:156} INFO - Started process (PID=4019) to work on /home/julien/.local/lib/python3.10/site-packages/airflow/example_dags/subdags/subdag.py
[2023-05-18T11:42:45.442+0200] {processor.py:758} INFO - Processing file /home/julien/.local/lib/python3.10/site-packages/airflow/example_dags/subdags/subdag.py for tasks to queue
[2023-05-18T11:42:45.443+0200] {logging_mixin.py:117} INFO - [2023-05-18T11:42:45.443+0200] {dagbag.py:525} INFO - Filling up the DagBag from /home/julien/.local/lib/python3.10/site-packages/airflow/example_dags/subdags/subdag.py
[2023-05-18T11:42:45.446+0200] {processor.py:770} WARNING - No viable dags retrieved from /home/julien/.local/lib/python3.10/site-packages/airflow/example_dags/subdags/subdag.py
[2023-05-18T11:42:45.451+0200] {processor.py:178} INFO - Processing /home/julien/.local/lib/python3.10/site-packages/airflow/example_dags/subdags/subdag.py took 0.015 seconds
[2023-05-18T11:43:22.580+0200] {processor.py:156} INFO - Started process (PID=4055) to work on /home/julien/.local/lib/python3.10/site-packages/airflow/example_dags/subdags/subdag.py
[2023-05-18T11:43:22.583+0200] {processor.py:758} INFO - Processing file /home/julien/.local/lib/python3.10/site-packages/airflow/example_dags/subdags/subdag.py for tasks to queue
[2023-05-18T11:43:22.584+0200] {logging_mixin.py:117} INFO - [2023-05-18T11:43:22.584+0200] {dagbag.py:525} INFO - Filling up the DagBag from /home/julien/.local/lib/python3.10/site-packages/airflow/example_dags/subdags/subdag.py
[2023-05-18T11:43:22.586+0200] {processor.py:770} WARNING - No viable dags retrieved from /home/julien/.local/lib/python3.10/site-packages/airflow/example_dags/subdags/subdag.py
[2023-05-18T11:43:22.593+0200] {processor.py:178} INFO - Processing /home/julien/.local/lib/python3.10/site-packages/airflow/example_dags/subdags/subdag.py took 0.015 seconds
[2023-05-18T11:43:59.734+0200] {processor.py:156} INFO - Started process (PID=4091) to work on /home/julien/.local/lib/python3.10/site-packages/airflow/example_dags/subdags/subdag.py
[2023-05-18T11:43:59.737+0200] {processor.py:758} INFO - Processing file /home/julien/.local/lib/python3.10/site-packages/airflow/example_dags/subdags/subdag.py for tasks to queue
[2023-05-18T11:43:59.739+0200] {logging_mixin.py:117} INFO - [2023-05-18T11:43:59.738+0200] {dagbag.py:525} INFO - Filling up the DagBag from /home/julien/.local/lib/python3.10/site-packages/airflow/example_dags/subdags/subdag.py
[2023-05-18T11:43:59.741+0200] {processor.py:770} WARNING - No viable dags retrieved from /home/julien/.local/lib/python3.10/site-packages/airflow/example_dags/subdags/subdag.py
[2023-05-18T11:43:59.748+0200] {processor.py:178} INFO - Processing /home/julien/.local/lib/python3.10/site-packages/airflow/example_dags/subdags/subdag.py took 0.016 seconds
[2023-05-18T11:44:37.823+0200] {processor.py:156} INFO - Started process (PID=4127) to work on /home/julien/.local/lib/python3.10/site-packages/airflow/example_dags/subdags/subdag.py
[2023-05-18T11:44:37.827+0200] {processor.py:758} INFO - Processing file /home/julien/.local/lib/python3.10/site-packages/airflow/example_dags/subdags/subdag.py for tasks to queue
[2023-05-18T11:44:37.829+0200] {logging_mixin.py:117} INFO - [2023-05-18T11:44:37.828+0200] {dagbag.py:525} INFO - Filling up the DagBag from /home/julien/.local/lib/python3.10/site-packages/airflow/example_dags/subdags/subdag.py
[2023-05-18T11:44:37.832+0200] {processor.py:770} WARNING - No viable dags retrieved from /home/julien/.local/lib/python3.10/site-packages/airflow/example_dags/subdags/subdag.py
[2023-05-18T11:44:37.840+0200] {processor.py:178} INFO - Processing /home/julien/.local/lib/python3.10/site-packages/airflow/example_dags/subdags/subdag.py took 0.019 seconds
[2023-05-18T11:45:15.597+0200] {processor.py:156} INFO - Started process (PID=4163) to work on /home/julien/.local/lib/python3.10/site-packages/airflow/example_dags/subdags/subdag.py
[2023-05-18T11:45:15.600+0200] {processor.py:758} INFO - Processing file /home/julien/.local/lib/python3.10/site-packages/airflow/example_dags/subdags/subdag.py for tasks to queue
[2023-05-18T11:45:15.600+0200] {logging_mixin.py:117} INFO - [2023-05-18T11:45:15.600+0200] {dagbag.py:525} INFO - Filling up the DagBag from /home/julien/.local/lib/python3.10/site-packages/airflow/example_dags/subdags/subdag.py
[2023-05-18T11:45:15.603+0200] {processor.py:770} WARNING - No viable dags retrieved from /home/julien/.local/lib/python3.10/site-packages/airflow/example_dags/subdags/subdag.py
[2023-05-18T11:45:15.609+0200] {processor.py:178} INFO - Processing /home/julien/.local/lib/python3.10/site-packages/airflow/example_dags/subdags/subdag.py took 0.015 seconds
[2023-05-18T11:45:52.727+0200] {processor.py:156} INFO - Started process (PID=4199) to work on /home/julien/.local/lib/python3.10/site-packages/airflow/example_dags/subdags/subdag.py
[2023-05-18T11:45:52.732+0200] {processor.py:758} INFO - Processing file /home/julien/.local/lib/python3.10/site-packages/airflow/example_dags/subdags/subdag.py for tasks to queue
[2023-05-18T11:45:52.732+0200] {logging_mixin.py:117} INFO - [2023-05-18T11:45:52.732+0200] {dagbag.py:525} INFO - Filling up the DagBag from /home/julien/.local/lib/python3.10/site-packages/airflow/example_dags/subdags/subdag.py
[2023-05-18T11:45:52.735+0200] {processor.py:770} WARNING - No viable dags retrieved from /home/julien/.local/lib/python3.10/site-packages/airflow/example_dags/subdags/subdag.py
[2023-05-18T11:45:52.742+0200] {processor.py:178} INFO - Processing /home/julien/.local/lib/python3.10/site-packages/airflow/example_dags/subdags/subdag.py took 0.017 seconds
[2023-05-18T11:46:28.539+0200] {processor.py:156} INFO - Started process (PID=4235) to work on /home/julien/.local/lib/python3.10/site-packages/airflow/example_dags/subdags/subdag.py
[2023-05-18T11:46:28.540+0200] {processor.py:758} INFO - Processing file /home/julien/.local/lib/python3.10/site-packages/airflow/example_dags/subdags/subdag.py for tasks to queue
[2023-05-18T11:46:28.541+0200] {logging_mixin.py:117} INFO - [2023-05-18T11:46:28.541+0200] {dagbag.py:525} INFO - Filling up the DagBag from /home/julien/.local/lib/python3.10/site-packages/airflow/example_dags/subdags/subdag.py
[2023-05-18T11:46:28.543+0200] {processor.py:770} WARNING - No viable dags retrieved from /home/julien/.local/lib/python3.10/site-packages/airflow/example_dags/subdags/subdag.py
[2023-05-18T11:46:28.549+0200] {processor.py:178} INFO - Processing /home/julien/.local/lib/python3.10/site-packages/airflow/example_dags/subdags/subdag.py took 0.012 seconds
[2023-05-18T11:47:03.792+0200] {processor.py:156} INFO - Started process (PID=4271) to work on /home/julien/.local/lib/python3.10/site-packages/airflow/example_dags/subdags/subdag.py
[2023-05-18T11:47:03.796+0200] {processor.py:758} INFO - Processing file /home/julien/.local/lib/python3.10/site-packages/airflow/example_dags/subdags/subdag.py for tasks to queue
[2023-05-18T11:47:03.796+0200] {logging_mixin.py:117} INFO - [2023-05-18T11:47:03.796+0200] {dagbag.py:525} INFO - Filling up the DagBag from /home/julien/.local/lib/python3.10/site-packages/airflow/example_dags/subdags/subdag.py
[2023-05-18T11:47:03.799+0200] {processor.py:770} WARNING - No viable dags retrieved from /home/julien/.local/lib/python3.10/site-packages/airflow/example_dags/subdags/subdag.py
[2023-05-18T11:47:03.806+0200] {processor.py:178} INFO - Processing /home/julien/.local/lib/python3.10/site-packages/airflow/example_dags/subdags/subdag.py took 0.015 seconds
[2023-05-18T11:47:38.071+0200] {processor.py:156} INFO - Started process (PID=4307) to work on /home/julien/.local/lib/python3.10/site-packages/airflow/example_dags/subdags/subdag.py
[2023-05-18T11:47:38.072+0200] {processor.py:758} INFO - Processing file /home/julien/.local/lib/python3.10/site-packages/airflow/example_dags/subdags/subdag.py for tasks to queue
[2023-05-18T11:47:38.073+0200] {logging_mixin.py:117} INFO - [2023-05-18T11:47:38.073+0200] {dagbag.py:525} INFO - Filling up the DagBag from /home/julien/.local/lib/python3.10/site-packages/airflow/example_dags/subdags/subdag.py
[2023-05-18T11:47:38.075+0200] {processor.py:770} WARNING - No viable dags retrieved from /home/julien/.local/lib/python3.10/site-packages/airflow/example_dags/subdags/subdag.py
[2023-05-18T11:47:38.081+0200] {processor.py:178} INFO - Processing /home/julien/.local/lib/python3.10/site-packages/airflow/example_dags/subdags/subdag.py took 0.013 seconds
[2023-05-18T11:48:15.704+0200] {processor.py:156} INFO - Started process (PID=4343) to work on /home/julien/.local/lib/python3.10/site-packages/airflow/example_dags/subdags/subdag.py
[2023-05-18T11:48:15.707+0200] {processor.py:758} INFO - Processing file /home/julien/.local/lib/python3.10/site-packages/airflow/example_dags/subdags/subdag.py for tasks to queue
[2023-05-18T11:48:15.708+0200] {logging_mixin.py:117} INFO - [2023-05-18T11:48:15.707+0200] {dagbag.py:525} INFO - Filling up the DagBag from /home/julien/.local/lib/python3.10/site-packages/airflow/example_dags/subdags/subdag.py
[2023-05-18T11:48:15.710+0200] {processor.py:770} WARNING - No viable dags retrieved from /home/julien/.local/lib/python3.10/site-packages/airflow/example_dags/subdags/subdag.py
[2023-05-18T11:48:15.716+0200] {processor.py:178} INFO - Processing /home/julien/.local/lib/python3.10/site-packages/airflow/example_dags/subdags/subdag.py took 0.014 seconds
[2023-05-18T11:48:53.724+0200] {processor.py:156} INFO - Started process (PID=4379) to work on /home/julien/.local/lib/python3.10/site-packages/airflow/example_dags/subdags/subdag.py
[2023-05-18T11:48:53.728+0200] {processor.py:758} INFO - Processing file /home/julien/.local/lib/python3.10/site-packages/airflow/example_dags/subdags/subdag.py for tasks to queue
[2023-05-18T11:48:53.728+0200] {logging_mixin.py:117} INFO - [2023-05-18T11:48:53.728+0200] {dagbag.py:525} INFO - Filling up the DagBag from /home/julien/.local/lib/python3.10/site-packages/airflow/example_dags/subdags/subdag.py
[2023-05-18T11:48:53.731+0200] {processor.py:770} WARNING - No viable dags retrieved from /home/julien/.local/lib/python3.10/site-packages/airflow/example_dags/subdags/subdag.py
[2023-05-18T11:48:53.737+0200] {processor.py:178} INFO - Processing /home/julien/.local/lib/python3.10/site-packages/airflow/example_dags/subdags/subdag.py took 0.015 seconds
[2023-05-18T11:49:29.877+0200] {processor.py:156} INFO - Started process (PID=4415) to work on /home/julien/.local/lib/python3.10/site-packages/airflow/example_dags/subdags/subdag.py
[2023-05-18T11:49:29.878+0200] {processor.py:758} INFO - Processing file /home/julien/.local/lib/python3.10/site-packages/airflow/example_dags/subdags/subdag.py for tasks to queue
[2023-05-18T11:49:29.878+0200] {logging_mixin.py:117} INFO - [2023-05-18T11:49:29.878+0200] {dagbag.py:525} INFO - Filling up the DagBag from /home/julien/.local/lib/python3.10/site-packages/airflow/example_dags/subdags/subdag.py
[2023-05-18T11:49:29.881+0200] {processor.py:770} WARNING - No viable dags retrieved from /home/julien/.local/lib/python3.10/site-packages/airflow/example_dags/subdags/subdag.py
[2023-05-18T11:49:29.890+0200] {processor.py:178} INFO - Processing /home/julien/.local/lib/python3.10/site-packages/airflow/example_dags/subdags/subdag.py took 0.015 seconds
[2023-05-18T11:50:08.940+0200] {processor.py:156} INFO - Started process (PID=4451) to work on /home/julien/.local/lib/python3.10/site-packages/airflow/example_dags/subdags/subdag.py
[2023-05-18T11:50:08.944+0200] {processor.py:758} INFO - Processing file /home/julien/.local/lib/python3.10/site-packages/airflow/example_dags/subdags/subdag.py for tasks to queue
[2023-05-18T11:50:08.944+0200] {logging_mixin.py:117} INFO - [2023-05-18T11:50:08.944+0200] {dagbag.py:525} INFO - Filling up the DagBag from /home/julien/.local/lib/python3.10/site-packages/airflow/example_dags/subdags/subdag.py
[2023-05-18T11:50:08.948+0200] {processor.py:770} WARNING - No viable dags retrieved from /home/julien/.local/lib/python3.10/site-packages/airflow/example_dags/subdags/subdag.py
[2023-05-18T11:50:08.955+0200] {processor.py:178} INFO - Processing /home/julien/.local/lib/python3.10/site-packages/airflow/example_dags/subdags/subdag.py took 0.016 seconds
[2023-05-18T11:50:44.360+0200] {processor.py:156} INFO - Started process (PID=4487) to work on /home/julien/.local/lib/python3.10/site-packages/airflow/example_dags/subdags/subdag.py
[2023-05-18T11:50:44.361+0200] {processor.py:758} INFO - Processing file /home/julien/.local/lib/python3.10/site-packages/airflow/example_dags/subdags/subdag.py for tasks to queue
[2023-05-18T11:50:44.362+0200] {logging_mixin.py:117} INFO - [2023-05-18T11:50:44.362+0200] {dagbag.py:525} INFO - Filling up the DagBag from /home/julien/.local/lib/python3.10/site-packages/airflow/example_dags/subdags/subdag.py
[2023-05-18T11:50:44.364+0200] {processor.py:770} WARNING - No viable dags retrieved from /home/julien/.local/lib/python3.10/site-packages/airflow/example_dags/subdags/subdag.py
[2023-05-18T11:50:44.372+0200] {processor.py:178} INFO - Processing /home/julien/.local/lib/python3.10/site-packages/airflow/example_dags/subdags/subdag.py took 0.014 seconds
[2023-05-18T11:51:19.871+0200] {processor.py:156} INFO - Started process (PID=4523) to work on /home/julien/.local/lib/python3.10/site-packages/airflow/example_dags/subdags/subdag.py
[2023-05-18T11:51:19.874+0200] {processor.py:758} INFO - Processing file /home/julien/.local/lib/python3.10/site-packages/airflow/example_dags/subdags/subdag.py for tasks to queue
[2023-05-18T11:51:19.875+0200] {logging_mixin.py:117} INFO - [2023-05-18T11:51:19.875+0200] {dagbag.py:525} INFO - Filling up the DagBag from /home/julien/.local/lib/python3.10/site-packages/airflow/example_dags/subdags/subdag.py
[2023-05-18T11:51:19.877+0200] {processor.py:770} WARNING - No viable dags retrieved from /home/julien/.local/lib/python3.10/site-packages/airflow/example_dags/subdags/subdag.py
[2023-05-18T11:51:19.887+0200] {processor.py:178} INFO - Processing /home/julien/.local/lib/python3.10/site-packages/airflow/example_dags/subdags/subdag.py took 0.019 seconds
[2023-05-18T11:51:56.937+0200] {processor.py:156} INFO - Started process (PID=4559) to work on /home/julien/.local/lib/python3.10/site-packages/airflow/example_dags/subdags/subdag.py
[2023-05-18T11:51:56.938+0200] {processor.py:758} INFO - Processing file /home/julien/.local/lib/python3.10/site-packages/airflow/example_dags/subdags/subdag.py for tasks to queue
[2023-05-18T11:51:56.938+0200] {logging_mixin.py:117} INFO - [2023-05-18T11:51:56.938+0200] {dagbag.py:525} INFO - Filling up the DagBag from /home/julien/.local/lib/python3.10/site-packages/airflow/example_dags/subdags/subdag.py
[2023-05-18T11:51:56.941+0200] {processor.py:770} WARNING - No viable dags retrieved from /home/julien/.local/lib/python3.10/site-packages/airflow/example_dags/subdags/subdag.py
[2023-05-18T11:51:56.949+0200] {processor.py:178} INFO - Processing /home/julien/.local/lib/python3.10/site-packages/airflow/example_dags/subdags/subdag.py took 0.015 seconds
[2023-05-18T11:52:34.448+0200] {processor.py:156} INFO - Started process (PID=4610) to work on /home/julien/.local/lib/python3.10/site-packages/airflow/example_dags/subdags/subdag.py
[2023-05-18T11:52:34.452+0200] {processor.py:758} INFO - Processing file /home/julien/.local/lib/python3.10/site-packages/airflow/example_dags/subdags/subdag.py for tasks to queue
[2023-05-18T11:52:34.452+0200] {logging_mixin.py:117} INFO - [2023-05-18T11:52:34.452+0200] {dagbag.py:525} INFO - Filling up the DagBag from /home/julien/.local/lib/python3.10/site-packages/airflow/example_dags/subdags/subdag.py
[2023-05-18T11:52:34.455+0200] {processor.py:770} WARNING - No viable dags retrieved from /home/julien/.local/lib/python3.10/site-packages/airflow/example_dags/subdags/subdag.py
[2023-05-18T11:52:34.463+0200] {processor.py:178} INFO - Processing /home/julien/.local/lib/python3.10/site-packages/airflow/example_dags/subdags/subdag.py took 0.016 seconds
[2023-05-18T11:53:12.902+0200] {processor.py:156} INFO - Started process (PID=4647) to work on /home/julien/.local/lib/python3.10/site-packages/airflow/example_dags/subdags/subdag.py
[2023-05-18T11:53:12.905+0200] {processor.py:758} INFO - Processing file /home/julien/.local/lib/python3.10/site-packages/airflow/example_dags/subdags/subdag.py for tasks to queue
[2023-05-18T11:53:12.906+0200] {logging_mixin.py:117} INFO - [2023-05-18T11:53:12.906+0200] {dagbag.py:525} INFO - Filling up the DagBag from /home/julien/.local/lib/python3.10/site-packages/airflow/example_dags/subdags/subdag.py
[2023-05-18T11:53:12.909+0200] {processor.py:770} WARNING - No viable dags retrieved from /home/julien/.local/lib/python3.10/site-packages/airflow/example_dags/subdags/subdag.py
[2023-05-18T11:53:12.916+0200] {processor.py:178} INFO - Processing /home/julien/.local/lib/python3.10/site-packages/airflow/example_dags/subdags/subdag.py took 0.016 seconds
[2023-05-18T11:53:50.469+0200] {processor.py:156} INFO - Started process (PID=4683) to work on /home/julien/.local/lib/python3.10/site-packages/airflow/example_dags/subdags/subdag.py
[2023-05-18T11:53:50.472+0200] {processor.py:758} INFO - Processing file /home/julien/.local/lib/python3.10/site-packages/airflow/example_dags/subdags/subdag.py for tasks to queue
[2023-05-18T11:53:50.473+0200] {logging_mixin.py:117} INFO - [2023-05-18T11:53:50.473+0200] {dagbag.py:525} INFO - Filling up the DagBag from /home/julien/.local/lib/python3.10/site-packages/airflow/example_dags/subdags/subdag.py
[2023-05-18T11:53:50.475+0200] {processor.py:770} WARNING - No viable dags retrieved from /home/julien/.local/lib/python3.10/site-packages/airflow/example_dags/subdags/subdag.py
[2023-05-18T11:53:50.482+0200] {processor.py:178} INFO - Processing /home/julien/.local/lib/python3.10/site-packages/airflow/example_dags/subdags/subdag.py took 0.016 seconds
[2023-05-18T11:54:30.300+0200] {processor.py:156} INFO - Started process (PID=4726) to work on /home/julien/.local/lib/python3.10/site-packages/airflow/example_dags/subdags/subdag.py
[2023-05-18T11:54:30.302+0200] {processor.py:758} INFO - Processing file /home/julien/.local/lib/python3.10/site-packages/airflow/example_dags/subdags/subdag.py for tasks to queue
[2023-05-18T11:54:30.306+0200] {logging_mixin.py:117} INFO - [2023-05-18T11:54:30.303+0200] {dagbag.py:525} INFO - Filling up the DagBag from /home/julien/.local/lib/python3.10/site-packages/airflow/example_dags/subdags/subdag.py
[2023-05-18T11:54:30.316+0200] {processor.py:770} WARNING - No viable dags retrieved from /home/julien/.local/lib/python3.10/site-packages/airflow/example_dags/subdags/subdag.py
[2023-05-18T11:54:30.339+0200] {processor.py:178} INFO - Processing /home/julien/.local/lib/python3.10/site-packages/airflow/example_dags/subdags/subdag.py took 0.044 seconds
[2023-05-18T11:55:08.705+0200] {processor.py:156} INFO - Started process (PID=4765) to work on /home/julien/.local/lib/python3.10/site-packages/airflow/example_dags/subdags/subdag.py
[2023-05-18T11:55:08.716+0200] {processor.py:758} INFO - Processing file /home/julien/.local/lib/python3.10/site-packages/airflow/example_dags/subdags/subdag.py for tasks to queue
[2023-05-18T11:55:08.717+0200] {logging_mixin.py:117} INFO - [2023-05-18T11:55:08.717+0200] {dagbag.py:525} INFO - Filling up the DagBag from /home/julien/.local/lib/python3.10/site-packages/airflow/example_dags/subdags/subdag.py
[2023-05-18T11:55:08.719+0200] {processor.py:770} WARNING - No viable dags retrieved from /home/julien/.local/lib/python3.10/site-packages/airflow/example_dags/subdags/subdag.py
[2023-05-18T11:55:08.727+0200] {processor.py:178} INFO - Processing /home/julien/.local/lib/python3.10/site-packages/airflow/example_dags/subdags/subdag.py took 0.025 seconds
[2023-05-18T11:55:46.136+0200] {processor.py:156} INFO - Started process (PID=4802) to work on /home/julien/.local/lib/python3.10/site-packages/airflow/example_dags/subdags/subdag.py
[2023-05-18T11:55:46.140+0200] {processor.py:758} INFO - Processing file /home/julien/.local/lib/python3.10/site-packages/airflow/example_dags/subdags/subdag.py for tasks to queue
[2023-05-18T11:55:46.141+0200] {logging_mixin.py:117} INFO - [2023-05-18T11:55:46.141+0200] {dagbag.py:525} INFO - Filling up the DagBag from /home/julien/.local/lib/python3.10/site-packages/airflow/example_dags/subdags/subdag.py
[2023-05-18T11:55:46.144+0200] {processor.py:770} WARNING - No viable dags retrieved from /home/julien/.local/lib/python3.10/site-packages/airflow/example_dags/subdags/subdag.py
[2023-05-18T11:55:46.151+0200] {processor.py:178} INFO - Processing /home/julien/.local/lib/python3.10/site-packages/airflow/example_dags/subdags/subdag.py took 0.020 seconds
[2023-05-18T11:56:21.329+0200] {processor.py:156} INFO - Started process (PID=6073) to work on /home/julien/.local/lib/python3.10/site-packages/airflow/example_dags/subdags/subdag.py
[2023-05-18T11:56:21.331+0200] {processor.py:758} INFO - Processing file /home/julien/.local/lib/python3.10/site-packages/airflow/example_dags/subdags/subdag.py for tasks to queue
[2023-05-18T11:56:21.332+0200] {logging_mixin.py:117} INFO - [2023-05-18T11:56:21.332+0200] {dagbag.py:525} INFO - Filling up the DagBag from /home/julien/.local/lib/python3.10/site-packages/airflow/example_dags/subdags/subdag.py
[2023-05-18T11:56:21.337+0200] {processor.py:770} WARNING - No viable dags retrieved from /home/julien/.local/lib/python3.10/site-packages/airflow/example_dags/subdags/subdag.py
[2023-05-18T11:56:21.347+0200] {processor.py:178} INFO - Processing /home/julien/.local/lib/python3.10/site-packages/airflow/example_dags/subdags/subdag.py took 0.021 seconds
