[2023-06-10T21:02:26.905+0200] {processor.py:156} INFO - Started process (PID=30967) to work on /home/julien/airflow/dags/textvistordagapiv2.py
[2023-06-10T21:02:26.910+0200] {processor.py:758} INFO - Processing file /home/julien/airflow/dags/textvistordagapiv2.py for tasks to queue
[2023-06-10T21:02:26.911+0200] {logging_mixin.py:117} INFO - [2023-06-10T21:02:26.911+0200] {dagbag.py:525} INFO - Filling up the DagBag from /home/julien/airflow/dags/textvistordagapiv2.py
[2023-06-10T21:02:27.028+0200] {logging_mixin.py:117} INFO - [2023-06-10T21:02:26.995+0200] {dagbag.py:330} ERROR - Failed to import: /home/julien/airflow/dags/textvistordagapiv2.py
Traceback (most recent call last):
  File "/home/julien/.local/lib/python3.10/site-packages/airflow/models/dagbag.py", line 326, in parse
    loader.exec_module(new_module)
  File "<frozen importlib._bootstrap_external>", line 883, in exec_module
  File "<frozen importlib._bootstrap>", line 241, in _call_with_frames_removed
  File "/home/julien/airflow/dags/textvistordagapiv2.py", line 7, in <module>
    from airflow.providers.apache.spark.operators.spark_submit import SparkSubmitOperator
ModuleNotFoundError: No module named 'airflow.providers.apache'
[2023-06-10T21:02:27.029+0200] {processor.py:770} WARNING - No viable dags retrieved from /home/julien/airflow/dags/textvistordagapiv2.py
[2023-06-10T21:02:27.142+0200] {processor.py:178} INFO - Processing /home/julien/airflow/dags/textvistordagapiv2.py took 0.270 seconds
[2023-06-10T21:02:57.895+0200] {processor.py:156} INFO - Started process (PID=30973) to work on /home/julien/airflow/dags/textvistordagapiv2.py
[2023-06-10T21:02:57.896+0200] {processor.py:758} INFO - Processing file /home/julien/airflow/dags/textvistordagapiv2.py for tasks to queue
[2023-06-10T21:02:57.896+0200] {logging_mixin.py:117} INFO - [2023-06-10T21:02:57.896+0200] {dagbag.py:525} INFO - Filling up the DagBag from /home/julien/airflow/dags/textvistordagapiv2.py
[2023-06-10T21:02:57.904+0200] {logging_mixin.py:117} INFO - [2023-06-10T21:02:57.904+0200] {dagbag.py:330} ERROR - Failed to import: /home/julien/airflow/dags/textvistordagapiv2.py
Traceback (most recent call last):
  File "/home/julien/.local/lib/python3.10/site-packages/airflow/models/dagbag.py", line 326, in parse
    loader.exec_module(new_module)
  File "<frozen importlib._bootstrap_external>", line 883, in exec_module
  File "<frozen importlib._bootstrap>", line 241, in _call_with_frames_removed
  File "/home/julien/airflow/dags/textvistordagapiv2.py", line 7, in <module>
    from airflow.providers.apache.spark.operators.spark_submit import SparkSubmitOperator
ModuleNotFoundError: No module named 'airflow.providers.apache'
[2023-06-10T21:02:57.905+0200] {processor.py:770} WARNING - No viable dags retrieved from /home/julien/airflow/dags/textvistordagapiv2.py
[2023-06-10T21:02:57.928+0200] {processor.py:178} INFO - Processing /home/julien/airflow/dags/textvistordagapiv2.py took 0.036 seconds
[2023-06-10T21:03:28.181+0200] {processor.py:156} INFO - Started process (PID=30978) to work on /home/julien/airflow/dags/textvistordagapiv2.py
[2023-06-10T21:03:28.189+0200] {processor.py:758} INFO - Processing file /home/julien/airflow/dags/textvistordagapiv2.py for tasks to queue
[2023-06-10T21:03:28.190+0200] {logging_mixin.py:117} INFO - [2023-06-10T21:03:28.190+0200] {dagbag.py:525} INFO - Filling up the DagBag from /home/julien/airflow/dags/textvistordagapiv2.py
[2023-06-10T21:03:28.195+0200] {logging_mixin.py:117} INFO - [2023-06-10T21:03:28.194+0200] {dagbag.py:330} ERROR - Failed to import: /home/julien/airflow/dags/textvistordagapiv2.py
Traceback (most recent call last):
  File "/home/julien/.local/lib/python3.10/site-packages/airflow/models/dagbag.py", line 326, in parse
    loader.exec_module(new_module)
  File "<frozen importlib._bootstrap_external>", line 883, in exec_module
  File "<frozen importlib._bootstrap>", line 241, in _call_with_frames_removed
  File "/home/julien/airflow/dags/textvistordagapiv2.py", line 7, in <module>
    from airflow.providers.apache.spark.operators.spark_submit import SparkSubmitOperator
ModuleNotFoundError: No module named 'airflow.providers.apache'
[2023-06-10T21:03:28.195+0200] {processor.py:770} WARNING - No viable dags retrieved from /home/julien/airflow/dags/textvistordagapiv2.py
[2023-06-10T21:03:28.215+0200] {processor.py:178} INFO - Processing /home/julien/airflow/dags/textvistordagapiv2.py took 0.036 seconds
[2023-06-10T21:03:58.685+0200] {processor.py:156} INFO - Started process (PID=30985) to work on /home/julien/airflow/dags/textvistordagapiv2.py
[2023-06-10T21:03:58.689+0200] {processor.py:758} INFO - Processing file /home/julien/airflow/dags/textvistordagapiv2.py for tasks to queue
[2023-06-10T21:03:58.690+0200] {logging_mixin.py:117} INFO - [2023-06-10T21:03:58.689+0200] {dagbag.py:525} INFO - Filling up the DagBag from /home/julien/airflow/dags/textvistordagapiv2.py
[2023-06-10T21:03:58.696+0200] {logging_mixin.py:117} INFO - [2023-06-10T21:03:58.695+0200] {dagbag.py:330} ERROR - Failed to import: /home/julien/airflow/dags/textvistordagapiv2.py
Traceback (most recent call last):
  File "/home/julien/.local/lib/python3.10/site-packages/airflow/models/dagbag.py", line 326, in parse
    loader.exec_module(new_module)
  File "<frozen importlib._bootstrap_external>", line 883, in exec_module
  File "<frozen importlib._bootstrap>", line 241, in _call_with_frames_removed
  File "/home/julien/airflow/dags/textvistordagapiv2.py", line 7, in <module>
    from airflow.providers.apache.spark.operators.spark_submit import SparkSubmitOperator
ModuleNotFoundError: No module named 'airflow.providers.apache'
[2023-06-10T21:03:58.696+0200] {processor.py:770} WARNING - No viable dags retrieved from /home/julien/airflow/dags/textvistordagapiv2.py
[2023-06-10T21:03:58.715+0200] {processor.py:178} INFO - Processing /home/julien/airflow/dags/textvistordagapiv2.py took 0.033 seconds
[2023-06-10T21:04:29.206+0200] {processor.py:156} INFO - Started process (PID=30990) to work on /home/julien/airflow/dags/textvistordagapiv2.py
[2023-06-10T21:04:29.207+0200] {processor.py:758} INFO - Processing file /home/julien/airflow/dags/textvistordagapiv2.py for tasks to queue
[2023-06-10T21:04:29.208+0200] {logging_mixin.py:117} INFO - [2023-06-10T21:04:29.208+0200] {dagbag.py:525} INFO - Filling up the DagBag from /home/julien/airflow/dags/textvistordagapiv2.py
[2023-06-10T21:04:29.219+0200] {logging_mixin.py:117} INFO - [2023-06-10T21:04:29.218+0200] {dagbag.py:330} ERROR - Failed to import: /home/julien/airflow/dags/textvistordagapiv2.py
Traceback (most recent call last):
  File "/home/julien/.local/lib/python3.10/site-packages/airflow/models/dagbag.py", line 326, in parse
    loader.exec_module(new_module)
  File "<frozen importlib._bootstrap_external>", line 883, in exec_module
  File "<frozen importlib._bootstrap>", line 241, in _call_with_frames_removed
  File "/home/julien/airflow/dags/textvistordagapiv2.py", line 7, in <module>
    from airflow.providers.apache.spark.operators.spark_submit import SparkSubmitOperator
ModuleNotFoundError: No module named 'airflow.providers.apache'
[2023-06-10T21:04:29.219+0200] {processor.py:770} WARNING - No viable dags retrieved from /home/julien/airflow/dags/textvistordagapiv2.py
[2023-06-10T21:04:29.244+0200] {processor.py:178} INFO - Processing /home/julien/airflow/dags/textvistordagapiv2.py took 0.043 seconds
[2023-06-10T21:04:59.707+0200] {processor.py:156} INFO - Started process (PID=30995) to work on /home/julien/airflow/dags/textvistordagapiv2.py
[2023-06-10T21:04:59.711+0200] {processor.py:758} INFO - Processing file /home/julien/airflow/dags/textvistordagapiv2.py for tasks to queue
[2023-06-10T21:04:59.712+0200] {logging_mixin.py:117} INFO - [2023-06-10T21:04:59.712+0200] {dagbag.py:525} INFO - Filling up the DagBag from /home/julien/airflow/dags/textvistordagapiv2.py
[2023-06-10T21:04:59.719+0200] {logging_mixin.py:117} INFO - [2023-06-10T21:04:59.718+0200] {dagbag.py:330} ERROR - Failed to import: /home/julien/airflow/dags/textvistordagapiv2.py
Traceback (most recent call last):
  File "/home/julien/.local/lib/python3.10/site-packages/airflow/models/dagbag.py", line 326, in parse
    loader.exec_module(new_module)
  File "<frozen importlib._bootstrap_external>", line 883, in exec_module
  File "<frozen importlib._bootstrap>", line 241, in _call_with_frames_removed
  File "/home/julien/airflow/dags/textvistordagapiv2.py", line 7, in <module>
    from airflow.providers.apache.spark.operators.spark_submit import SparkSubmitOperator
ModuleNotFoundError: No module named 'airflow.providers.apache'
[2023-06-10T21:04:59.719+0200] {processor.py:770} WARNING - No viable dags retrieved from /home/julien/airflow/dags/textvistordagapiv2.py
[2023-06-10T21:04:59.738+0200] {processor.py:178} INFO - Processing /home/julien/airflow/dags/textvistordagapiv2.py took 0.036 seconds
[2023-06-10T21:05:30.241+0200] {processor.py:156} INFO - Started process (PID=31000) to work on /home/julien/airflow/dags/textvistordagapiv2.py
[2023-06-10T21:05:30.242+0200] {processor.py:758} INFO - Processing file /home/julien/airflow/dags/textvistordagapiv2.py for tasks to queue
[2023-06-10T21:05:30.242+0200] {logging_mixin.py:117} INFO - [2023-06-10T21:05:30.242+0200] {dagbag.py:525} INFO - Filling up the DagBag from /home/julien/airflow/dags/textvistordagapiv2.py
[2023-06-10T21:05:30.247+0200] {logging_mixin.py:117} INFO - [2023-06-10T21:05:30.247+0200] {dagbag.py:330} ERROR - Failed to import: /home/julien/airflow/dags/textvistordagapiv2.py
Traceback (most recent call last):
  File "/home/julien/.local/lib/python3.10/site-packages/airflow/models/dagbag.py", line 326, in parse
    loader.exec_module(new_module)
  File "<frozen importlib._bootstrap_external>", line 883, in exec_module
  File "<frozen importlib._bootstrap>", line 241, in _call_with_frames_removed
  File "/home/julien/airflow/dags/textvistordagapiv2.py", line 7, in <module>
    from airflow.providers.apache.spark.operators.spark_submit import SparkSubmitOperator
ModuleNotFoundError: No module named 'airflow.providers.apache'
[2023-06-10T21:05:30.247+0200] {processor.py:770} WARNING - No viable dags retrieved from /home/julien/airflow/dags/textvistordagapiv2.py
[2023-06-10T21:05:30.265+0200] {processor.py:178} INFO - Processing /home/julien/airflow/dags/textvistordagapiv2.py took 0.028 seconds
[2023-06-10T21:06:00.736+0200] {processor.py:156} INFO - Started process (PID=31005) to work on /home/julien/airflow/dags/textvistordagapiv2.py
[2023-06-10T21:06:00.739+0200] {processor.py:758} INFO - Processing file /home/julien/airflow/dags/textvistordagapiv2.py for tasks to queue
[2023-06-10T21:06:00.741+0200] {logging_mixin.py:117} INFO - [2023-06-10T21:06:00.740+0200] {dagbag.py:525} INFO - Filling up the DagBag from /home/julien/airflow/dags/textvistordagapiv2.py
[2023-06-10T21:06:00.749+0200] {logging_mixin.py:117} INFO - [2023-06-10T21:06:00.748+0200] {dagbag.py:330} ERROR - Failed to import: /home/julien/airflow/dags/textvistordagapiv2.py
Traceback (most recent call last):
  File "/home/julien/.local/lib/python3.10/site-packages/airflow/models/dagbag.py", line 326, in parse
    loader.exec_module(new_module)
  File "<frozen importlib._bootstrap_external>", line 883, in exec_module
  File "<frozen importlib._bootstrap>", line 241, in _call_with_frames_removed
  File "/home/julien/airflow/dags/textvistordagapiv2.py", line 7, in <module>
    from airflow.providers.apache.spark.operators.spark_submit import SparkSubmitOperator
ModuleNotFoundError: No module named 'airflow.providers.apache'
[2023-06-10T21:06:00.749+0200] {processor.py:770} WARNING - No viable dags retrieved from /home/julien/airflow/dags/textvistordagapiv2.py
[2023-06-10T21:06:00.773+0200] {processor.py:178} INFO - Processing /home/julien/airflow/dags/textvistordagapiv2.py took 0.040 seconds
[2023-06-10T21:06:31.270+0200] {processor.py:156} INFO - Started process (PID=31010) to work on /home/julien/airflow/dags/textvistordagapiv2.py
[2023-06-10T21:06:31.271+0200] {processor.py:758} INFO - Processing file /home/julien/airflow/dags/textvistordagapiv2.py for tasks to queue
[2023-06-10T21:06:31.272+0200] {logging_mixin.py:117} INFO - [2023-06-10T21:06:31.272+0200] {dagbag.py:525} INFO - Filling up the DagBag from /home/julien/airflow/dags/textvistordagapiv2.py
[2023-06-10T21:06:31.277+0200] {logging_mixin.py:117} INFO - [2023-06-10T21:06:31.276+0200] {dagbag.py:330} ERROR - Failed to import: /home/julien/airflow/dags/textvistordagapiv2.py
Traceback (most recent call last):
  File "/home/julien/.local/lib/python3.10/site-packages/airflow/models/dagbag.py", line 326, in parse
    loader.exec_module(new_module)
  File "<frozen importlib._bootstrap_external>", line 883, in exec_module
  File "<frozen importlib._bootstrap>", line 241, in _call_with_frames_removed
  File "/home/julien/airflow/dags/textvistordagapiv2.py", line 7, in <module>
    from airflow.providers.apache.spark.operators.spark_submit import SparkSubmitOperator
ModuleNotFoundError: No module named 'airflow.providers.apache'
[2023-06-10T21:06:31.277+0200] {processor.py:770} WARNING - No viable dags retrieved from /home/julien/airflow/dags/textvistordagapiv2.py
[2023-06-10T21:06:31.295+0200] {processor.py:178} INFO - Processing /home/julien/airflow/dags/textvistordagapiv2.py took 0.030 seconds
[2023-06-10T21:07:01.834+0200] {processor.py:156} INFO - Started process (PID=31015) to work on /home/julien/airflow/dags/textvistordagapiv2.py
[2023-06-10T21:07:01.839+0200] {processor.py:758} INFO - Processing file /home/julien/airflow/dags/textvistordagapiv2.py for tasks to queue
[2023-06-10T21:07:01.840+0200] {logging_mixin.py:117} INFO - [2023-06-10T21:07:01.839+0200] {dagbag.py:525} INFO - Filling up the DagBag from /home/julien/airflow/dags/textvistordagapiv2.py
[2023-06-10T21:07:01.852+0200] {logging_mixin.py:117} INFO - [2023-06-10T21:07:01.850+0200] {dagbag.py:330} ERROR - Failed to import: /home/julien/airflow/dags/textvistordagapiv2.py
Traceback (most recent call last):
  File "/home/julien/.local/lib/python3.10/site-packages/airflow/models/dagbag.py", line 326, in parse
    loader.exec_module(new_module)
  File "<frozen importlib._bootstrap_external>", line 883, in exec_module
  File "<frozen importlib._bootstrap>", line 241, in _call_with_frames_removed
  File "/home/julien/airflow/dags/textvistordagapiv2.py", line 7, in <module>
    from airflow.providers.apache.spark.operators.spark_submit import SparkSubmitOperator
ModuleNotFoundError: No module named 'airflow.providers.apache'
[2023-06-10T21:07:01.852+0200] {processor.py:770} WARNING - No viable dags retrieved from /home/julien/airflow/dags/textvistordagapiv2.py
[2023-06-10T21:07:01.877+0200] {processor.py:178} INFO - Processing /home/julien/airflow/dags/textvistordagapiv2.py took 0.049 seconds
[2023-06-10T21:07:32.321+0200] {processor.py:156} INFO - Started process (PID=31020) to work on /home/julien/airflow/dags/textvistordagapiv2.py
[2023-06-10T21:07:32.325+0200] {processor.py:758} INFO - Processing file /home/julien/airflow/dags/textvistordagapiv2.py for tasks to queue
[2023-06-10T21:07:32.326+0200] {logging_mixin.py:117} INFO - [2023-06-10T21:07:32.325+0200] {dagbag.py:525} INFO - Filling up the DagBag from /home/julien/airflow/dags/textvistordagapiv2.py
[2023-06-10T21:07:32.332+0200] {logging_mixin.py:117} INFO - [2023-06-10T21:07:32.331+0200] {dagbag.py:330} ERROR - Failed to import: /home/julien/airflow/dags/textvistordagapiv2.py
Traceback (most recent call last):
  File "/home/julien/.local/lib/python3.10/site-packages/airflow/models/dagbag.py", line 326, in parse
    loader.exec_module(new_module)
  File "<frozen importlib._bootstrap_external>", line 883, in exec_module
  File "<frozen importlib._bootstrap>", line 241, in _call_with_frames_removed
  File "/home/julien/airflow/dags/textvistordagapiv2.py", line 7, in <module>
    from airflow.providers.apache.spark.operators.spark_submit import SparkSubmitOperator
ModuleNotFoundError: No module named 'airflow.providers.apache'
[2023-06-10T21:07:32.332+0200] {processor.py:770} WARNING - No viable dags retrieved from /home/julien/airflow/dags/textvistordagapiv2.py
[2023-06-10T21:07:32.351+0200] {processor.py:178} INFO - Processing /home/julien/airflow/dags/textvistordagapiv2.py took 0.035 seconds
[2023-06-10T21:08:02.760+0200] {processor.py:156} INFO - Started process (PID=31025) to work on /home/julien/airflow/dags/textvistordagapiv2.py
[2023-06-10T21:08:02.763+0200] {processor.py:758} INFO - Processing file /home/julien/airflow/dags/textvistordagapiv2.py for tasks to queue
[2023-06-10T21:08:02.764+0200] {logging_mixin.py:117} INFO - [2023-06-10T21:08:02.764+0200] {dagbag.py:525} INFO - Filling up the DagBag from /home/julien/airflow/dags/textvistordagapiv2.py
[2023-06-10T21:08:02.769+0200] {logging_mixin.py:117} INFO - [2023-06-10T21:08:02.769+0200] {dagbag.py:330} ERROR - Failed to import: /home/julien/airflow/dags/textvistordagapiv2.py
Traceback (most recent call last):
  File "/home/julien/.local/lib/python3.10/site-packages/airflow/models/dagbag.py", line 326, in parse
    loader.exec_module(new_module)
  File "<frozen importlib._bootstrap_external>", line 883, in exec_module
  File "<frozen importlib._bootstrap>", line 241, in _call_with_frames_removed
  File "/home/julien/airflow/dags/textvistordagapiv2.py", line 7, in <module>
    from airflow.providers.apache.spark.operators.spark_submit import SparkSubmitOperator
ModuleNotFoundError: No module named 'airflow.providers.apache'
[2023-06-10T21:08:02.770+0200] {processor.py:770} WARNING - No viable dags retrieved from /home/julien/airflow/dags/textvistordagapiv2.py
[2023-06-10T21:08:02.789+0200] {processor.py:178} INFO - Processing /home/julien/airflow/dags/textvistordagapiv2.py took 0.034 seconds
[2023-06-10T21:08:33.188+0200] {processor.py:156} INFO - Started process (PID=31030) to work on /home/julien/airflow/dags/textvistordagapiv2.py
[2023-06-10T21:08:33.191+0200] {processor.py:758} INFO - Processing file /home/julien/airflow/dags/textvistordagapiv2.py for tasks to queue
[2023-06-10T21:08:33.193+0200] {logging_mixin.py:117} INFO - [2023-06-10T21:08:33.193+0200] {dagbag.py:525} INFO - Filling up the DagBag from /home/julien/airflow/dags/textvistordagapiv2.py
[2023-06-10T21:08:33.201+0200] {logging_mixin.py:117} INFO - [2023-06-10T21:08:33.200+0200] {dagbag.py:330} ERROR - Failed to import: /home/julien/airflow/dags/textvistordagapiv2.py
Traceback (most recent call last):
  File "/home/julien/.local/lib/python3.10/site-packages/airflow/models/dagbag.py", line 326, in parse
    loader.exec_module(new_module)
  File "<frozen importlib._bootstrap_external>", line 883, in exec_module
  File "<frozen importlib._bootstrap>", line 241, in _call_with_frames_removed
  File "/home/julien/airflow/dags/textvistordagapiv2.py", line 7, in <module>
    from airflow.providers.apache.spark.operators.spark_submit import SparkSubmitOperator
ModuleNotFoundError: No module named 'airflow.providers.apache'
[2023-06-10T21:08:33.202+0200] {processor.py:770} WARNING - No viable dags retrieved from /home/julien/airflow/dags/textvistordagapiv2.py
[2023-06-10T21:08:33.221+0200] {processor.py:178} INFO - Processing /home/julien/airflow/dags/textvistordagapiv2.py took 0.037 seconds
[2023-06-10T21:09:03.642+0200] {processor.py:156} INFO - Started process (PID=31035) to work on /home/julien/airflow/dags/textvistordagapiv2.py
[2023-06-10T21:09:03.646+0200] {processor.py:758} INFO - Processing file /home/julien/airflow/dags/textvistordagapiv2.py for tasks to queue
[2023-06-10T21:09:03.647+0200] {logging_mixin.py:117} INFO - [2023-06-10T21:09:03.647+0200] {dagbag.py:525} INFO - Filling up the DagBag from /home/julien/airflow/dags/textvistordagapiv2.py
[2023-06-10T21:09:03.656+0200] {logging_mixin.py:117} INFO - [2023-06-10T21:09:03.655+0200] {dagbag.py:330} ERROR - Failed to import: /home/julien/airflow/dags/textvistordagapiv2.py
Traceback (most recent call last):
  File "/home/julien/.local/lib/python3.10/site-packages/airflow/models/dagbag.py", line 326, in parse
    loader.exec_module(new_module)
  File "<frozen importlib._bootstrap_external>", line 883, in exec_module
  File "<frozen importlib._bootstrap>", line 241, in _call_with_frames_removed
  File "/home/julien/airflow/dags/textvistordagapiv2.py", line 7, in <module>
    from airflow.providers.apache.spark.operators.spark_submit import SparkSubmitOperator
ModuleNotFoundError: No module named 'airflow.providers.apache'
[2023-06-10T21:09:03.656+0200] {processor.py:770} WARNING - No viable dags retrieved from /home/julien/airflow/dags/textvistordagapiv2.py
[2023-06-10T21:09:03.675+0200] {processor.py:178} INFO - Processing /home/julien/airflow/dags/textvistordagapiv2.py took 0.037 seconds
[2023-06-10T21:09:34.092+0200] {processor.py:156} INFO - Started process (PID=31040) to work on /home/julien/airflow/dags/textvistordagapiv2.py
[2023-06-10T21:09:34.096+0200] {processor.py:758} INFO - Processing file /home/julien/airflow/dags/textvistordagapiv2.py for tasks to queue
[2023-06-10T21:09:34.097+0200] {logging_mixin.py:117} INFO - [2023-06-10T21:09:34.096+0200] {dagbag.py:525} INFO - Filling up the DagBag from /home/julien/airflow/dags/textvistordagapiv2.py
[2023-06-10T21:09:34.107+0200] {logging_mixin.py:117} INFO - [2023-06-10T21:09:34.106+0200] {dagbag.py:330} ERROR - Failed to import: /home/julien/airflow/dags/textvistordagapiv2.py
Traceback (most recent call last):
  File "/home/julien/.local/lib/python3.10/site-packages/airflow/models/dagbag.py", line 326, in parse
    loader.exec_module(new_module)
  File "<frozen importlib._bootstrap_external>", line 883, in exec_module
  File "<frozen importlib._bootstrap>", line 241, in _call_with_frames_removed
  File "/home/julien/airflow/dags/textvistordagapiv2.py", line 7, in <module>
    from airflow.providers.apache.spark.operators.spark_submit import SparkSubmitOperator
ModuleNotFoundError: No module named 'airflow.providers.apache'
[2023-06-10T21:09:34.108+0200] {processor.py:770} WARNING - No viable dags retrieved from /home/julien/airflow/dags/textvistordagapiv2.py
[2023-06-10T21:09:34.129+0200] {processor.py:178} INFO - Processing /home/julien/airflow/dags/textvistordagapiv2.py took 0.041 seconds
[2023-06-10T21:10:04.623+0200] {processor.py:156} INFO - Started process (PID=31045) to work on /home/julien/airflow/dags/textvistordagapiv2.py
[2023-06-10T21:10:04.625+0200] {processor.py:758} INFO - Processing file /home/julien/airflow/dags/textvistordagapiv2.py for tasks to queue
[2023-06-10T21:10:04.626+0200] {logging_mixin.py:117} INFO - [2023-06-10T21:10:04.626+0200] {dagbag.py:525} INFO - Filling up the DagBag from /home/julien/airflow/dags/textvistordagapiv2.py
[2023-06-10T21:10:04.635+0200] {logging_mixin.py:117} INFO - [2023-06-10T21:10:04.634+0200] {dagbag.py:330} ERROR - Failed to import: /home/julien/airflow/dags/textvistordagapiv2.py
Traceback (most recent call last):
  File "/home/julien/.local/lib/python3.10/site-packages/airflow/models/dagbag.py", line 326, in parse
    loader.exec_module(new_module)
  File "<frozen importlib._bootstrap_external>", line 883, in exec_module
  File "<frozen importlib._bootstrap>", line 241, in _call_with_frames_removed
  File "/home/julien/airflow/dags/textvistordagapiv2.py", line 7, in <module>
    from airflow.providers.apache.spark.operators.spark_submit import SparkSubmitOperator
ModuleNotFoundError: No module named 'airflow.providers.apache'
[2023-06-10T21:10:04.636+0200] {processor.py:770} WARNING - No viable dags retrieved from /home/julien/airflow/dags/textvistordagapiv2.py
[2023-06-10T21:10:04.664+0200] {processor.py:178} INFO - Processing /home/julien/airflow/dags/textvistordagapiv2.py took 0.051 seconds
[2023-06-10T21:10:35.248+0200] {processor.py:156} INFO - Started process (PID=31050) to work on /home/julien/airflow/dags/textvistordagapiv2.py
[2023-06-10T21:10:35.252+0200] {processor.py:758} INFO - Processing file /home/julien/airflow/dags/textvistordagapiv2.py for tasks to queue
[2023-06-10T21:10:35.253+0200] {logging_mixin.py:117} INFO - [2023-06-10T21:10:35.253+0200] {dagbag.py:525} INFO - Filling up the DagBag from /home/julien/airflow/dags/textvistordagapiv2.py
[2023-06-10T21:10:35.260+0200] {logging_mixin.py:117} INFO - [2023-06-10T21:10:35.260+0200] {dagbag.py:330} ERROR - Failed to import: /home/julien/airflow/dags/textvistordagapiv2.py
Traceback (most recent call last):
  File "/home/julien/.local/lib/python3.10/site-packages/airflow/models/dagbag.py", line 326, in parse
    loader.exec_module(new_module)
  File "<frozen importlib._bootstrap_external>", line 883, in exec_module
  File "<frozen importlib._bootstrap>", line 241, in _call_with_frames_removed
  File "/home/julien/airflow/dags/textvistordagapiv2.py", line 7, in <module>
    from airflow.providers.apache.spark.operators.spark_submit import SparkSubmitOperator
ModuleNotFoundError: No module named 'airflow.providers.apache'
[2023-06-10T21:10:35.261+0200] {processor.py:770} WARNING - No viable dags retrieved from /home/julien/airflow/dags/textvistordagapiv2.py
[2023-06-10T21:10:35.280+0200] {processor.py:178} INFO - Processing /home/julien/airflow/dags/textvistordagapiv2.py took 0.035 seconds
[2023-06-10T21:11:05.852+0200] {processor.py:156} INFO - Started process (PID=31055) to work on /home/julien/airflow/dags/textvistordagapiv2.py
[2023-06-10T21:11:05.856+0200] {processor.py:758} INFO - Processing file /home/julien/airflow/dags/textvistordagapiv2.py for tasks to queue
[2023-06-10T21:11:05.857+0200] {logging_mixin.py:117} INFO - [2023-06-10T21:11:05.857+0200] {dagbag.py:525} INFO - Filling up the DagBag from /home/julien/airflow/dags/textvistordagapiv2.py
[2023-06-10T21:11:05.867+0200] {logging_mixin.py:117} INFO - [2023-06-10T21:11:05.866+0200] {dagbag.py:330} ERROR - Failed to import: /home/julien/airflow/dags/textvistordagapiv2.py
Traceback (most recent call last):
  File "/home/julien/.local/lib/python3.10/site-packages/airflow/models/dagbag.py", line 326, in parse
    loader.exec_module(new_module)
  File "<frozen importlib._bootstrap_external>", line 883, in exec_module
  File "<frozen importlib._bootstrap>", line 241, in _call_with_frames_removed
  File "/home/julien/airflow/dags/textvistordagapiv2.py", line 7, in <module>
    from airflow.providers.apache.spark.operators.spark_submit import SparkSubmitOperator
ModuleNotFoundError: No module named 'airflow.providers.apache'
[2023-06-10T21:11:05.867+0200] {processor.py:770} WARNING - No viable dags retrieved from /home/julien/airflow/dags/textvistordagapiv2.py
[2023-06-10T21:11:05.886+0200] {processor.py:178} INFO - Processing /home/julien/airflow/dags/textvistordagapiv2.py took 0.036 seconds
[2023-06-10T21:11:36.359+0200] {processor.py:156} INFO - Started process (PID=31060) to work on /home/julien/airflow/dags/textvistordagapiv2.py
[2023-06-10T21:11:36.361+0200] {processor.py:758} INFO - Processing file /home/julien/airflow/dags/textvistordagapiv2.py for tasks to queue
[2023-06-10T21:11:36.362+0200] {logging_mixin.py:117} INFO - [2023-06-10T21:11:36.361+0200] {dagbag.py:525} INFO - Filling up the DagBag from /home/julien/airflow/dags/textvistordagapiv2.py
[2023-06-10T21:11:36.376+0200] {logging_mixin.py:117} INFO - [2023-06-10T21:11:36.375+0200] {dagbag.py:330} ERROR - Failed to import: /home/julien/airflow/dags/textvistordagapiv2.py
Traceback (most recent call last):
  File "/home/julien/.local/lib/python3.10/site-packages/airflow/models/dagbag.py", line 326, in parse
    loader.exec_module(new_module)
  File "<frozen importlib._bootstrap_external>", line 883, in exec_module
  File "<frozen importlib._bootstrap>", line 241, in _call_with_frames_removed
  File "/home/julien/airflow/dags/textvistordagapiv2.py", line 7, in <module>
    from airflow.providers.apache.spark.operators.spark_submit import SparkSubmitOperator
ModuleNotFoundError: No module named 'airflow.providers.apache'
[2023-06-10T21:11:36.377+0200] {processor.py:770} WARNING - No viable dags retrieved from /home/julien/airflow/dags/textvistordagapiv2.py
[2023-06-10T21:11:36.420+0200] {processor.py:178} INFO - Processing /home/julien/airflow/dags/textvistordagapiv2.py took 0.064 seconds
[2023-06-10T21:12:06.866+0200] {processor.py:156} INFO - Started process (PID=31065) to work on /home/julien/airflow/dags/textvistordagapiv2.py
[2023-06-10T21:12:06.868+0200] {processor.py:758} INFO - Processing file /home/julien/airflow/dags/textvistordagapiv2.py for tasks to queue
[2023-06-10T21:12:06.868+0200] {logging_mixin.py:117} INFO - [2023-06-10T21:12:06.868+0200] {dagbag.py:525} INFO - Filling up the DagBag from /home/julien/airflow/dags/textvistordagapiv2.py
[2023-06-10T21:12:06.874+0200] {logging_mixin.py:117} INFO - [2023-06-10T21:12:06.873+0200] {dagbag.py:330} ERROR - Failed to import: /home/julien/airflow/dags/textvistordagapiv2.py
Traceback (most recent call last):
  File "/home/julien/.local/lib/python3.10/site-packages/airflow/models/dagbag.py", line 326, in parse
    loader.exec_module(new_module)
  File "<frozen importlib._bootstrap_external>", line 883, in exec_module
  File "<frozen importlib._bootstrap>", line 241, in _call_with_frames_removed
  File "/home/julien/airflow/dags/textvistordagapiv2.py", line 7, in <module>
    from airflow.providers.apache.spark.operators.spark_submit import SparkSubmitOperator
ModuleNotFoundError: No module named 'airflow.providers.apache'
[2023-06-10T21:12:06.874+0200] {processor.py:770} WARNING - No viable dags retrieved from /home/julien/airflow/dags/textvistordagapiv2.py
[2023-06-10T21:12:06.894+0200] {processor.py:178} INFO - Processing /home/julien/airflow/dags/textvistordagapiv2.py took 0.031 seconds
[2023-06-10T21:12:37.522+0200] {processor.py:156} INFO - Started process (PID=31071) to work on /home/julien/airflow/dags/textvistordagapiv2.py
[2023-06-10T21:12:37.525+0200] {processor.py:758} INFO - Processing file /home/julien/airflow/dags/textvistordagapiv2.py for tasks to queue
[2023-06-10T21:12:37.526+0200] {logging_mixin.py:117} INFO - [2023-06-10T21:12:37.526+0200] {dagbag.py:525} INFO - Filling up the DagBag from /home/julien/airflow/dags/textvistordagapiv2.py
[2023-06-10T21:12:37.538+0200] {logging_mixin.py:117} INFO - [2023-06-10T21:12:37.537+0200] {dagbag.py:330} ERROR - Failed to import: /home/julien/airflow/dags/textvistordagapiv2.py
Traceback (most recent call last):
  File "/home/julien/.local/lib/python3.10/site-packages/airflow/models/dagbag.py", line 326, in parse
    loader.exec_module(new_module)
  File "<frozen importlib._bootstrap_external>", line 883, in exec_module
  File "<frozen importlib._bootstrap>", line 241, in _call_with_frames_removed
  File "/home/julien/airflow/dags/textvistordagapiv2.py", line 7, in <module>
    from airflow.providers.apache.spark.operators.spark_submit import SparkSubmitOperator
ModuleNotFoundError: No module named 'airflow.providers.apache'
[2023-06-10T21:12:37.538+0200] {processor.py:770} WARNING - No viable dags retrieved from /home/julien/airflow/dags/textvistordagapiv2.py
[2023-06-10T21:12:37.560+0200] {processor.py:178} INFO - Processing /home/julien/airflow/dags/textvistordagapiv2.py took 0.042 seconds
[2023-06-10T21:13:08.160+0200] {processor.py:156} INFO - Started process (PID=31078) to work on /home/julien/airflow/dags/textvistordagapiv2.py
[2023-06-10T21:13:08.162+0200] {processor.py:758} INFO - Processing file /home/julien/airflow/dags/textvistordagapiv2.py for tasks to queue
[2023-06-10T21:13:08.163+0200] {logging_mixin.py:117} INFO - [2023-06-10T21:13:08.163+0200] {dagbag.py:525} INFO - Filling up the DagBag from /home/julien/airflow/dags/textvistordagapiv2.py
[2023-06-10T21:13:08.170+0200] {logging_mixin.py:117} INFO - [2023-06-10T21:13:08.169+0200] {dagbag.py:330} ERROR - Failed to import: /home/julien/airflow/dags/textvistordagapiv2.py
Traceback (most recent call last):
  File "/home/julien/.local/lib/python3.10/site-packages/airflow/models/dagbag.py", line 326, in parse
    loader.exec_module(new_module)
  File "<frozen importlib._bootstrap_external>", line 883, in exec_module
  File "<frozen importlib._bootstrap>", line 241, in _call_with_frames_removed
  File "/home/julien/airflow/dags/textvistordagapiv2.py", line 7, in <module>
    from airflow.providers.apache.spark.operators.spark_submit import SparkSubmitOperator
ModuleNotFoundError: No module named 'airflow.providers.apache'
[2023-06-10T21:13:08.170+0200] {processor.py:770} WARNING - No viable dags retrieved from /home/julien/airflow/dags/textvistordagapiv2.py
[2023-06-10T21:13:08.189+0200] {processor.py:178} INFO - Processing /home/julien/airflow/dags/textvistordagapiv2.py took 0.031 seconds
[2023-06-10T21:13:38.774+0200] {processor.py:156} INFO - Started process (PID=31083) to work on /home/julien/airflow/dags/textvistordagapiv2.py
[2023-06-10T21:13:38.774+0200] {processor.py:758} INFO - Processing file /home/julien/airflow/dags/textvistordagapiv2.py for tasks to queue
[2023-06-10T21:13:38.775+0200] {logging_mixin.py:117} INFO - [2023-06-10T21:13:38.775+0200] {dagbag.py:525} INFO - Filling up the DagBag from /home/julien/airflow/dags/textvistordagapiv2.py
[2023-06-10T21:13:38.780+0200] {logging_mixin.py:117} INFO - [2023-06-10T21:13:38.780+0200] {dagbag.py:330} ERROR - Failed to import: /home/julien/airflow/dags/textvistordagapiv2.py
Traceback (most recent call last):
  File "/home/julien/.local/lib/python3.10/site-packages/airflow/models/dagbag.py", line 326, in parse
    loader.exec_module(new_module)
  File "<frozen importlib._bootstrap_external>", line 883, in exec_module
  File "<frozen importlib._bootstrap>", line 241, in _call_with_frames_removed
  File "/home/julien/airflow/dags/textvistordagapiv2.py", line 7, in <module>
    from airflow.providers.apache.spark.operators.spark_submit import SparkSubmitOperator
ModuleNotFoundError: No module named 'airflow.providers.apache'
[2023-06-10T21:13:38.781+0200] {processor.py:770} WARNING - No viable dags retrieved from /home/julien/airflow/dags/textvistordagapiv2.py
[2023-06-10T21:13:38.801+0200] {processor.py:178} INFO - Processing /home/julien/airflow/dags/textvistordagapiv2.py took 0.031 seconds
[2023-06-10T21:14:09.274+0200] {processor.py:156} INFO - Started process (PID=31088) to work on /home/julien/airflow/dags/textvistordagapiv2.py
[2023-06-10T21:14:09.276+0200] {processor.py:758} INFO - Processing file /home/julien/airflow/dags/textvistordagapiv2.py for tasks to queue
[2023-06-10T21:14:09.276+0200] {logging_mixin.py:117} INFO - [2023-06-10T21:14:09.276+0200] {dagbag.py:525} INFO - Filling up the DagBag from /home/julien/airflow/dags/textvistordagapiv2.py
[2023-06-10T21:14:09.282+0200] {logging_mixin.py:117} INFO - [2023-06-10T21:14:09.282+0200] {dagbag.py:330} ERROR - Failed to import: /home/julien/airflow/dags/textvistordagapiv2.py
Traceback (most recent call last):
  File "/home/julien/.local/lib/python3.10/site-packages/airflow/models/dagbag.py", line 326, in parse
    loader.exec_module(new_module)
  File "<frozen importlib._bootstrap_external>", line 883, in exec_module
  File "<frozen importlib._bootstrap>", line 241, in _call_with_frames_removed
  File "/home/julien/airflow/dags/textvistordagapiv2.py", line 7, in <module>
    from airflow.providers.apache.spark.operators.spark_submit import SparkSubmitOperator
ModuleNotFoundError: No module named 'airflow.providers.apache'
[2023-06-10T21:14:09.283+0200] {processor.py:770} WARNING - No viable dags retrieved from /home/julien/airflow/dags/textvistordagapiv2.py
[2023-06-10T21:14:09.302+0200] {processor.py:178} INFO - Processing /home/julien/airflow/dags/textvistordagapiv2.py took 0.030 seconds
[2023-06-10T21:14:39.781+0200] {processor.py:156} INFO - Started process (PID=31093) to work on /home/julien/airflow/dags/textvistordagapiv2.py
[2023-06-10T21:14:39.782+0200] {processor.py:758} INFO - Processing file /home/julien/airflow/dags/textvistordagapiv2.py for tasks to queue
[2023-06-10T21:14:39.782+0200] {logging_mixin.py:117} INFO - [2023-06-10T21:14:39.782+0200] {dagbag.py:525} INFO - Filling up the DagBag from /home/julien/airflow/dags/textvistordagapiv2.py
[2023-06-10T21:14:39.787+0200] {logging_mixin.py:117} INFO - [2023-06-10T21:14:39.787+0200] {dagbag.py:330} ERROR - Failed to import: /home/julien/airflow/dags/textvistordagapiv2.py
Traceback (most recent call last):
  File "/home/julien/.local/lib/python3.10/site-packages/airflow/models/dagbag.py", line 326, in parse
    loader.exec_module(new_module)
  File "<frozen importlib._bootstrap_external>", line 883, in exec_module
  File "<frozen importlib._bootstrap>", line 241, in _call_with_frames_removed
  File "/home/julien/airflow/dags/textvistordagapiv2.py", line 7, in <module>
    from airflow.providers.apache.spark.operators.spark_submit import SparkSubmitOperator
ModuleNotFoundError: No module named 'airflow.providers.apache'
[2023-06-10T21:14:39.788+0200] {processor.py:770} WARNING - No viable dags retrieved from /home/julien/airflow/dags/textvistordagapiv2.py
[2023-06-10T21:14:39.806+0200] {processor.py:178} INFO - Processing /home/julien/airflow/dags/textvistordagapiv2.py took 0.028 seconds
[2023-06-10T21:15:10.309+0200] {processor.py:156} INFO - Started process (PID=31098) to work on /home/julien/airflow/dags/textvistordagapiv2.py
[2023-06-10T21:15:10.312+0200] {processor.py:758} INFO - Processing file /home/julien/airflow/dags/textvistordagapiv2.py for tasks to queue
[2023-06-10T21:15:10.313+0200] {logging_mixin.py:117} INFO - [2023-06-10T21:15:10.313+0200] {dagbag.py:525} INFO - Filling up the DagBag from /home/julien/airflow/dags/textvistordagapiv2.py
[2023-06-10T21:15:10.318+0200] {logging_mixin.py:117} INFO - [2023-06-10T21:15:10.318+0200] {dagbag.py:330} ERROR - Failed to import: /home/julien/airflow/dags/textvistordagapiv2.py
Traceback (most recent call last):
  File "/home/julien/.local/lib/python3.10/site-packages/airflow/models/dagbag.py", line 326, in parse
    loader.exec_module(new_module)
  File "<frozen importlib._bootstrap_external>", line 883, in exec_module
  File "<frozen importlib._bootstrap>", line 241, in _call_with_frames_removed
  File "/home/julien/airflow/dags/textvistordagapiv2.py", line 7, in <module>
    from airflow.providers.apache.spark.operators.spark_submit import SparkSubmitOperator
ModuleNotFoundError: No module named 'airflow.providers.apache'
[2023-06-10T21:15:10.319+0200] {processor.py:770} WARNING - No viable dags retrieved from /home/julien/airflow/dags/textvistordagapiv2.py
[2023-06-10T21:15:10.340+0200] {processor.py:178} INFO - Processing /home/julien/airflow/dags/textvistordagapiv2.py took 0.036 seconds
[2023-06-10T21:15:40.827+0200] {processor.py:156} INFO - Started process (PID=31103) to work on /home/julien/airflow/dags/textvistordagapiv2.py
[2023-06-10T21:15:40.828+0200] {processor.py:758} INFO - Processing file /home/julien/airflow/dags/textvistordagapiv2.py for tasks to queue
[2023-06-10T21:15:40.828+0200] {logging_mixin.py:117} INFO - [2023-06-10T21:15:40.828+0200] {dagbag.py:525} INFO - Filling up the DagBag from /home/julien/airflow/dags/textvistordagapiv2.py
[2023-06-10T21:15:40.833+0200] {logging_mixin.py:117} INFO - [2023-06-10T21:15:40.833+0200] {dagbag.py:330} ERROR - Failed to import: /home/julien/airflow/dags/textvistordagapiv2.py
Traceback (most recent call last):
  File "/home/julien/.local/lib/python3.10/site-packages/airflow/models/dagbag.py", line 326, in parse
    loader.exec_module(new_module)
  File "<frozen importlib._bootstrap_external>", line 883, in exec_module
  File "<frozen importlib._bootstrap>", line 241, in _call_with_frames_removed
  File "/home/julien/airflow/dags/textvistordagapiv2.py", line 7, in <module>
    from airflow.providers.apache.spark.operators.spark_submit import SparkSubmitOperator
ModuleNotFoundError: No module named 'airflow.providers.apache'
[2023-06-10T21:15:40.833+0200] {processor.py:770} WARNING - No viable dags retrieved from /home/julien/airflow/dags/textvistordagapiv2.py
[2023-06-10T21:15:40.850+0200] {processor.py:178} INFO - Processing /home/julien/airflow/dags/textvistordagapiv2.py took 0.026 seconds
[2023-06-10T21:16:11.336+0200] {processor.py:156} INFO - Started process (PID=31108) to work on /home/julien/airflow/dags/textvistordagapiv2.py
[2023-06-10T21:16:11.339+0200] {processor.py:758} INFO - Processing file /home/julien/airflow/dags/textvistordagapiv2.py for tasks to queue
[2023-06-10T21:16:11.340+0200] {logging_mixin.py:117} INFO - [2023-06-10T21:16:11.340+0200] {dagbag.py:525} INFO - Filling up the DagBag from /home/julien/airflow/dags/textvistordagapiv2.py
[2023-06-10T21:16:11.347+0200] {logging_mixin.py:117} INFO - [2023-06-10T21:16:11.346+0200] {dagbag.py:330} ERROR - Failed to import: /home/julien/airflow/dags/textvistordagapiv2.py
Traceback (most recent call last):
  File "/home/julien/.local/lib/python3.10/site-packages/airflow/models/dagbag.py", line 326, in parse
    loader.exec_module(new_module)
  File "<frozen importlib._bootstrap_external>", line 883, in exec_module
  File "<frozen importlib._bootstrap>", line 241, in _call_with_frames_removed
  File "/home/julien/airflow/dags/textvistordagapiv2.py", line 7, in <module>
    from airflow.providers.apache.spark.operators.spark_submit import SparkSubmitOperator
ModuleNotFoundError: No module named 'airflow.providers.apache'
[2023-06-10T21:16:11.348+0200] {processor.py:770} WARNING - No viable dags retrieved from /home/julien/airflow/dags/textvistordagapiv2.py
[2023-06-10T21:16:11.367+0200] {processor.py:178} INFO - Processing /home/julien/airflow/dags/textvistordagapiv2.py took 0.035 seconds
[2023-06-10T21:16:41.871+0200] {processor.py:156} INFO - Started process (PID=31113) to work on /home/julien/airflow/dags/textvistordagapiv2.py
[2023-06-10T21:16:41.872+0200] {processor.py:758} INFO - Processing file /home/julien/airflow/dags/textvistordagapiv2.py for tasks to queue
[2023-06-10T21:16:41.873+0200] {logging_mixin.py:117} INFO - [2023-06-10T21:16:41.873+0200] {dagbag.py:525} INFO - Filling up the DagBag from /home/julien/airflow/dags/textvistordagapiv2.py
[2023-06-10T21:16:41.879+0200] {logging_mixin.py:117} INFO - [2023-06-10T21:16:41.878+0200] {dagbag.py:330} ERROR - Failed to import: /home/julien/airflow/dags/textvistordagapiv2.py
Traceback (most recent call last):
  File "/home/julien/.local/lib/python3.10/site-packages/airflow/models/dagbag.py", line 326, in parse
    loader.exec_module(new_module)
  File "<frozen importlib._bootstrap_external>", line 883, in exec_module
  File "<frozen importlib._bootstrap>", line 241, in _call_with_frames_removed
  File "/home/julien/airflow/dags/textvistordagapiv2.py", line 7, in <module>
    from airflow.providers.apache.spark.operators.spark_submit import SparkSubmitOperator
ModuleNotFoundError: No module named 'airflow.providers.apache'
[2023-06-10T21:16:41.879+0200] {processor.py:770} WARNING - No viable dags retrieved from /home/julien/airflow/dags/textvistordagapiv2.py
[2023-06-10T21:16:41.897+0200] {processor.py:178} INFO - Processing /home/julien/airflow/dags/textvistordagapiv2.py took 0.032 seconds
[2023-06-10T21:17:12.359+0200] {processor.py:156} INFO - Started process (PID=31118) to work on /home/julien/airflow/dags/textvistordagapiv2.py
[2023-06-10T21:17:12.363+0200] {processor.py:758} INFO - Processing file /home/julien/airflow/dags/textvistordagapiv2.py for tasks to queue
[2023-06-10T21:17:12.364+0200] {logging_mixin.py:117} INFO - [2023-06-10T21:17:12.364+0200] {dagbag.py:525} INFO - Filling up the DagBag from /home/julien/airflow/dags/textvistordagapiv2.py
[2023-06-10T21:17:12.371+0200] {logging_mixin.py:117} INFO - [2023-06-10T21:17:12.371+0200] {dagbag.py:330} ERROR - Failed to import: /home/julien/airflow/dags/textvistordagapiv2.py
Traceback (most recent call last):
  File "/home/julien/.local/lib/python3.10/site-packages/airflow/models/dagbag.py", line 326, in parse
    loader.exec_module(new_module)
  File "<frozen importlib._bootstrap_external>", line 883, in exec_module
  File "<frozen importlib._bootstrap>", line 241, in _call_with_frames_removed
  File "/home/julien/airflow/dags/textvistordagapiv2.py", line 7, in <module>
    from airflow.providers.apache.spark.operators.spark_submit import SparkSubmitOperator
ModuleNotFoundError: No module named 'airflow.providers.apache'
[2023-06-10T21:17:12.372+0200] {processor.py:770} WARNING - No viable dags retrieved from /home/julien/airflow/dags/textvistordagapiv2.py
[2023-06-10T21:17:12.393+0200] {processor.py:178} INFO - Processing /home/julien/airflow/dags/textvistordagapiv2.py took 0.037 seconds
[2023-06-10T21:17:43.109+0200] {processor.py:156} INFO - Started process (PID=31123) to work on /home/julien/airflow/dags/textvistordagapiv2.py
[2023-06-10T21:17:43.111+0200] {processor.py:758} INFO - Processing file /home/julien/airflow/dags/textvistordagapiv2.py for tasks to queue
[2023-06-10T21:17:43.111+0200] {logging_mixin.py:117} INFO - [2023-06-10T21:17:43.111+0200] {dagbag.py:525} INFO - Filling up the DagBag from /home/julien/airflow/dags/textvistordagapiv2.py
[2023-06-10T21:17:43.118+0200] {logging_mixin.py:117} INFO - [2023-06-10T21:17:43.117+0200] {dagbag.py:330} ERROR - Failed to import: /home/julien/airflow/dags/textvistordagapiv2.py
Traceback (most recent call last):
  File "/home/julien/.local/lib/python3.10/site-packages/airflow/models/dagbag.py", line 326, in parse
    loader.exec_module(new_module)
  File "<frozen importlib._bootstrap_external>", line 883, in exec_module
  File "<frozen importlib._bootstrap>", line 241, in _call_with_frames_removed
  File "/home/julien/airflow/dags/textvistordagapiv2.py", line 7, in <module>
    from airflow.providers.apache.spark.operators.spark_submit import SparkSubmitOperator
ModuleNotFoundError: No module named 'airflow.providers.apache'
[2023-06-10T21:17:43.118+0200] {processor.py:770} WARNING - No viable dags retrieved from /home/julien/airflow/dags/textvistordagapiv2.py
[2023-06-10T21:17:43.136+0200] {processor.py:178} INFO - Processing /home/julien/airflow/dags/textvistordagapiv2.py took 0.031 seconds
[2023-06-10T21:18:13.582+0200] {processor.py:156} INFO - Started process (PID=31128) to work on /home/julien/airflow/dags/textvistordagapiv2.py
[2023-06-10T21:18:13.585+0200] {processor.py:758} INFO - Processing file /home/julien/airflow/dags/textvistordagapiv2.py for tasks to queue
[2023-06-10T21:18:13.586+0200] {logging_mixin.py:117} INFO - [2023-06-10T21:18:13.586+0200] {dagbag.py:525} INFO - Filling up the DagBag from /home/julien/airflow/dags/textvistordagapiv2.py
[2023-06-10T21:18:13.594+0200] {logging_mixin.py:117} INFO - [2023-06-10T21:18:13.593+0200] {dagbag.py:330} ERROR - Failed to import: /home/julien/airflow/dags/textvistordagapiv2.py
Traceback (most recent call last):
  File "/home/julien/.local/lib/python3.10/site-packages/airflow/models/dagbag.py", line 326, in parse
    loader.exec_module(new_module)
  File "<frozen importlib._bootstrap_external>", line 883, in exec_module
  File "<frozen importlib._bootstrap>", line 241, in _call_with_frames_removed
  File "/home/julien/airflow/dags/textvistordagapiv2.py", line 7, in <module>
    from airflow.providers.apache.spark.operators.spark_submit import SparkSubmitOperator
ModuleNotFoundError: No module named 'airflow.providers.apache'
[2023-06-10T21:18:13.594+0200] {processor.py:770} WARNING - No viable dags retrieved from /home/julien/airflow/dags/textvistordagapiv2.py
[2023-06-10T21:18:13.612+0200] {processor.py:178} INFO - Processing /home/julien/airflow/dags/textvistordagapiv2.py took 0.032 seconds
[2023-06-10T21:18:43.932+0200] {processor.py:156} INFO - Started process (PID=31133) to work on /home/julien/airflow/dags/textvistordagapiv2.py
[2023-06-10T21:18:43.935+0200] {processor.py:758} INFO - Processing file /home/julien/airflow/dags/textvistordagapiv2.py for tasks to queue
[2023-06-10T21:18:43.936+0200] {logging_mixin.py:117} INFO - [2023-06-10T21:18:43.936+0200] {dagbag.py:525} INFO - Filling up the DagBag from /home/julien/airflow/dags/textvistordagapiv2.py
[2023-06-10T21:18:43.943+0200] {logging_mixin.py:117} INFO - [2023-06-10T21:18:43.942+0200] {dagbag.py:330} ERROR - Failed to import: /home/julien/airflow/dags/textvistordagapiv2.py
Traceback (most recent call last):
  File "/home/julien/.local/lib/python3.10/site-packages/airflow/models/dagbag.py", line 326, in parse
    loader.exec_module(new_module)
  File "<frozen importlib._bootstrap_external>", line 883, in exec_module
  File "<frozen importlib._bootstrap>", line 241, in _call_with_frames_removed
  File "/home/julien/airflow/dags/textvistordagapiv2.py", line 7, in <module>
    from airflow.providers.apache.spark.operators.spark_submit import SparkSubmitOperator
ModuleNotFoundError: No module named 'airflow.providers.apache'
[2023-06-10T21:18:43.943+0200] {processor.py:770} WARNING - No viable dags retrieved from /home/julien/airflow/dags/textvistordagapiv2.py
[2023-06-10T21:18:43.962+0200] {processor.py:178} INFO - Processing /home/julien/airflow/dags/textvistordagapiv2.py took 0.032 seconds
[2023-06-10T21:19:14.293+0200] {processor.py:156} INFO - Started process (PID=31138) to work on /home/julien/airflow/dags/textvistordagapiv2.py
[2023-06-10T21:19:14.298+0200] {processor.py:758} INFO - Processing file /home/julien/airflow/dags/textvistordagapiv2.py for tasks to queue
[2023-06-10T21:19:14.299+0200] {logging_mixin.py:117} INFO - [2023-06-10T21:19:14.298+0200] {dagbag.py:525} INFO - Filling up the DagBag from /home/julien/airflow/dags/textvistordagapiv2.py
[2023-06-10T21:19:14.308+0200] {logging_mixin.py:117} INFO - [2023-06-10T21:19:14.307+0200] {dagbag.py:330} ERROR - Failed to import: /home/julien/airflow/dags/textvistordagapiv2.py
Traceback (most recent call last):
  File "/home/julien/.local/lib/python3.10/site-packages/airflow/models/dagbag.py", line 326, in parse
    loader.exec_module(new_module)
  File "<frozen importlib._bootstrap_external>", line 883, in exec_module
  File "<frozen importlib._bootstrap>", line 241, in _call_with_frames_removed
  File "/home/julien/airflow/dags/textvistordagapiv2.py", line 7, in <module>
    from airflow.providers.apache.spark.operators.spark_submit import SparkSubmitOperator
ModuleNotFoundError: No module named 'airflow.providers.apache'
[2023-06-10T21:19:14.309+0200] {processor.py:770} WARNING - No viable dags retrieved from /home/julien/airflow/dags/textvistordagapiv2.py
[2023-06-10T21:19:14.328+0200] {processor.py:178} INFO - Processing /home/julien/airflow/dags/textvistordagapiv2.py took 0.040 seconds
[2023-06-10T21:19:44.691+0200] {processor.py:156} INFO - Started process (PID=31143) to work on /home/julien/airflow/dags/textvistordagapiv2.py
[2023-06-10T21:19:44.692+0200] {processor.py:758} INFO - Processing file /home/julien/airflow/dags/textvistordagapiv2.py for tasks to queue
[2023-06-10T21:19:44.693+0200] {logging_mixin.py:117} INFO - [2023-06-10T21:19:44.692+0200] {dagbag.py:525} INFO - Filling up the DagBag from /home/julien/airflow/dags/textvistordagapiv2.py
[2023-06-10T21:19:44.699+0200] {logging_mixin.py:117} INFO - [2023-06-10T21:19:44.698+0200] {dagbag.py:330} ERROR - Failed to import: /home/julien/airflow/dags/textvistordagapiv2.py
Traceback (most recent call last):
  File "/home/julien/.local/lib/python3.10/site-packages/airflow/models/dagbag.py", line 326, in parse
    loader.exec_module(new_module)
  File "<frozen importlib._bootstrap_external>", line 883, in exec_module
  File "<frozen importlib._bootstrap>", line 241, in _call_with_frames_removed
  File "/home/julien/airflow/dags/textvistordagapiv2.py", line 7, in <module>
    from airflow.providers.apache.spark.operators.spark_submit import SparkSubmitOperator
ModuleNotFoundError: No module named 'airflow.providers.apache'
[2023-06-10T21:19:44.699+0200] {processor.py:770} WARNING - No viable dags retrieved from /home/julien/airflow/dags/textvistordagapiv2.py
[2023-06-10T21:19:44.719+0200] {processor.py:178} INFO - Processing /home/julien/airflow/dags/textvistordagapiv2.py took 0.032 seconds
[2023-06-10T21:20:15.017+0200] {processor.py:156} INFO - Started process (PID=31150) to work on /home/julien/airflow/dags/textvistordagapiv2.py
[2023-06-10T21:20:15.020+0200] {processor.py:758} INFO - Processing file /home/julien/airflow/dags/textvistordagapiv2.py for tasks to queue
[2023-06-10T21:20:15.021+0200] {logging_mixin.py:117} INFO - [2023-06-10T21:20:15.021+0200] {dagbag.py:525} INFO - Filling up the DagBag from /home/julien/airflow/dags/textvistordagapiv2.py
[2023-06-10T21:20:15.027+0200] {logging_mixin.py:117} INFO - [2023-06-10T21:20:15.026+0200] {dagbag.py:330} ERROR - Failed to import: /home/julien/airflow/dags/textvistordagapiv2.py
Traceback (most recent call last):
  File "/home/julien/.local/lib/python3.10/site-packages/airflow/models/dagbag.py", line 326, in parse
    loader.exec_module(new_module)
  File "<frozen importlib._bootstrap_external>", line 883, in exec_module
  File "<frozen importlib._bootstrap>", line 241, in _call_with_frames_removed
  File "/home/julien/airflow/dags/textvistordagapiv2.py", line 7, in <module>
    from airflow.providers.apache.spark.operators.spark_submit import SparkSubmitOperator
ModuleNotFoundError: No module named 'airflow.providers.apache'
[2023-06-10T21:20:15.027+0200] {processor.py:770} WARNING - No viable dags retrieved from /home/julien/airflow/dags/textvistordagapiv2.py
[2023-06-10T21:20:15.048+0200] {processor.py:178} INFO - Processing /home/julien/airflow/dags/textvistordagapiv2.py took 0.034 seconds
[2023-06-10T21:51:17.094+0200] {processor.py:156} INFO - Started process (PID=31271) to work on /home/julien/airflow/dags/textvistordagapiv2.py
[2023-06-10T21:51:17.098+0200] {processor.py:758} INFO - Processing file /home/julien/airflow/dags/textvistordagapiv2.py for tasks to queue
[2023-06-10T21:51:17.099+0200] {logging_mixin.py:117} INFO - [2023-06-10T21:51:17.098+0200] {dagbag.py:525} INFO - Filling up the DagBag from /home/julien/airflow/dags/textvistordagapiv2.py
[2023-06-10T21:51:17.106+0200] {logging_mixin.py:117} INFO - [2023-06-10T21:51:17.105+0200] {dagbag.py:330} ERROR - Failed to import: /home/julien/airflow/dags/textvistordagapiv2.py
Traceback (most recent call last):
  File "/home/julien/.local/lib/python3.10/site-packages/airflow/models/dagbag.py", line 326, in parse
    loader.exec_module(new_module)
  File "<frozen importlib._bootstrap_external>", line 883, in exec_module
  File "<frozen importlib._bootstrap>", line 241, in _call_with_frames_removed
  File "/home/julien/airflow/dags/textvistordagapiv2.py", line 7, in <module>
    from airflow.providers.apache.spark.operators.spark_submit import SparkSubmitOperator
ModuleNotFoundError: No module named 'airflow.providers.apache'
[2023-06-10T21:51:17.107+0200] {processor.py:770} WARNING - No viable dags retrieved from /home/julien/airflow/dags/textvistordagapiv2.py
[2023-06-10T21:51:17.129+0200] {processor.py:178} INFO - Processing /home/julien/airflow/dags/textvistordagapiv2.py took 0.039 seconds
[2023-06-10T21:51:48.139+0200] {processor.py:156} INFO - Started process (PID=31451) to work on /home/julien/airflow/dags/textvistordagapiv2.py
[2023-06-10T21:51:48.140+0200] {processor.py:758} INFO - Processing file /home/julien/airflow/dags/textvistordagapiv2.py for tasks to queue
[2023-06-10T21:51:48.140+0200] {logging_mixin.py:117} INFO - [2023-06-10T21:51:48.140+0200] {dagbag.py:525} INFO - Filling up the DagBag from /home/julien/airflow/dags/textvistordagapiv2.py
[2023-06-10T21:51:48.151+0200] {logging_mixin.py:117} INFO - [2023-06-10T21:51:48.149+0200] {dagbag.py:330} ERROR - Failed to import: /home/julien/airflow/dags/textvistordagapiv2.py
Traceback (most recent call last):
  File "/home/julien/.local/lib/python3.10/site-packages/airflow/models/dagbag.py", line 326, in parse
    loader.exec_module(new_module)
  File "<frozen importlib._bootstrap_external>", line 883, in exec_module
  File "<frozen importlib._bootstrap>", line 241, in _call_with_frames_removed
  File "/home/julien/airflow/dags/textvistordagapiv2.py", line 7, in <module>
    from airflow.providers.apache.spark.operators.spark_submit import SparkSubmitOperator
ModuleNotFoundError: No module named 'airflow.providers.apache'
[2023-06-10T21:51:48.152+0200] {processor.py:770} WARNING - No viable dags retrieved from /home/julien/airflow/dags/textvistordagapiv2.py
[2023-06-10T21:51:48.195+0200] {processor.py:178} INFO - Processing /home/julien/airflow/dags/textvistordagapiv2.py took 0.060 seconds
