[2023-06-08T09:24:02.148+0200] {processor.py:156} INFO - Started process (PID=5429) to work on /home/julien/airflow/dags/youtube_project_dag.py
[2023-06-08T09:24:02.149+0200] {processor.py:758} INFO - Processing file /home/julien/airflow/dags/youtube_project_dag.py for tasks to queue
[2023-06-08T09:24:02.150+0200] {logging_mixin.py:117} INFO - [2023-06-08T09:24:02.149+0200] {dagbag.py:525} INFO - Filling up the DagBag from /home/julien/airflow/dags/youtube_project_dag.py
[2023-06-08T09:24:02.612+0200] {processor.py:768} INFO - DAG(s) dict_keys(['youtube_dag']) retrieved from /home/julien/airflow/dags/youtube_project_dag.py
[2023-06-08T09:24:02.643+0200] {logging_mixin.py:117} INFO - [2023-06-08T09:24:02.642+0200] {dag.py:2573} INFO - Sync 1 DAGs
[2023-06-08T09:24:02.734+0200] {logging_mixin.py:117} INFO - [2023-06-08T09:24:02.734+0200] {dag.py:3324} INFO - Setting next_dagrun for youtube_dag to 2023-07-01T00:00:00+00:00, run_after=2023-08-01T00:00:00+00:00
[2023-06-08T09:24:02.817+0200] {processor.py:178} INFO - Processing /home/julien/airflow/dags/youtube_project_dag.py took 0.674 seconds
[2023-06-08T09:24:33.132+0200] {processor.py:156} INFO - Started process (PID=5541) to work on /home/julien/airflow/dags/youtube_project_dag.py
[2023-06-08T09:24:33.132+0200] {processor.py:758} INFO - Processing file /home/julien/airflow/dags/youtube_project_dag.py for tasks to queue
[2023-06-08T09:24:33.133+0200] {logging_mixin.py:117} INFO - [2023-06-08T09:24:33.133+0200] {dagbag.py:525} INFO - Filling up the DagBag from /home/julien/airflow/dags/youtube_project_dag.py
[2023-06-08T09:24:33.204+0200] {processor.py:768} INFO - DAG(s) dict_keys(['youtube_dag']) retrieved from /home/julien/airflow/dags/youtube_project_dag.py
[2023-06-08T09:24:33.226+0200] {logging_mixin.py:117} INFO - [2023-06-08T09:24:33.226+0200] {dag.py:2573} INFO - Sync 1 DAGs
[2023-06-08T09:24:33.339+0200] {logging_mixin.py:117} INFO - [2023-06-08T09:24:33.338+0200] {dag.py:3324} INFO - Setting next_dagrun for youtube_dag to 2023-07-01T00:00:00+00:00, run_after=2023-08-01T00:00:00+00:00
[2023-06-08T09:24:33.360+0200] {processor.py:178} INFO - Processing /home/julien/airflow/dags/youtube_project_dag.py took 0.231 seconds
[2023-06-08T09:25:04.418+0200] {processor.py:156} INFO - Started process (PID=5553) to work on /home/julien/airflow/dags/youtube_project_dag.py
[2023-06-08T09:25:04.421+0200] {processor.py:758} INFO - Processing file /home/julien/airflow/dags/youtube_project_dag.py for tasks to queue
[2023-06-08T09:25:04.422+0200] {logging_mixin.py:117} INFO - [2023-06-08T09:25:04.422+0200] {dagbag.py:525} INFO - Filling up the DagBag from /home/julien/airflow/dags/youtube_project_dag.py
[2023-06-08T09:25:04.496+0200] {processor.py:768} INFO - DAG(s) dict_keys(['youtube_dag']) retrieved from /home/julien/airflow/dags/youtube_project_dag.py
[2023-06-08T09:25:04.513+0200] {logging_mixin.py:117} INFO - [2023-06-08T09:25:04.513+0200] {dag.py:2573} INFO - Sync 1 DAGs
[2023-06-08T09:25:04.595+0200] {logging_mixin.py:117} INFO - [2023-06-08T09:25:04.595+0200] {dag.py:3324} INFO - Setting next_dagrun for youtube_dag to 2023-07-01T00:00:00+00:00, run_after=2023-08-01T00:00:00+00:00
[2023-06-08T09:25:04.614+0200] {processor.py:178} INFO - Processing /home/julien/airflow/dags/youtube_project_dag.py took 0.198 seconds
[2023-06-08T09:25:35.738+0200] {processor.py:156} INFO - Started process (PID=5586) to work on /home/julien/airflow/dags/youtube_project_dag.py
[2023-06-08T09:25:35.739+0200] {processor.py:758} INFO - Processing file /home/julien/airflow/dags/youtube_project_dag.py for tasks to queue
[2023-06-08T09:25:35.739+0200] {logging_mixin.py:117} INFO - [2023-06-08T09:25:35.739+0200] {dagbag.py:525} INFO - Filling up the DagBag from /home/julien/airflow/dags/youtube_project_dag.py
[2023-06-08T09:25:35.810+0200] {processor.py:768} INFO - DAG(s) dict_keys(['youtube_dag']) retrieved from /home/julien/airflow/dags/youtube_project_dag.py
[2023-06-08T09:25:35.897+0200] {logging_mixin.py:117} INFO - [2023-06-08T09:25:35.897+0200] {dag.py:2573} INFO - Sync 1 DAGs
[2023-06-08T09:25:35.911+0200] {logging_mixin.py:117} INFO - [2023-06-08T09:25:35.911+0200] {dag.py:3324} INFO - Setting next_dagrun for youtube_dag to 2023-07-01T00:00:00+00:00, run_after=2023-08-01T00:00:00+00:00
[2023-06-08T09:25:35.928+0200] {processor.py:178} INFO - Processing /home/julien/airflow/dags/youtube_project_dag.py took 0.192 seconds
[2023-06-08T09:26:06.187+0200] {processor.py:156} INFO - Started process (PID=5620) to work on /home/julien/airflow/dags/youtube_project_dag.py
[2023-06-08T09:26:06.190+0200] {processor.py:758} INFO - Processing file /home/julien/airflow/dags/youtube_project_dag.py for tasks to queue
[2023-06-08T09:26:06.191+0200] {logging_mixin.py:117} INFO - [2023-06-08T09:26:06.191+0200] {dagbag.py:525} INFO - Filling up the DagBag from /home/julien/airflow/dags/youtube_project_dag.py
[2023-06-08T09:26:06.252+0200] {processor.py:768} INFO - DAG(s) dict_keys(['youtube_dag']) retrieved from /home/julien/airflow/dags/youtube_project_dag.py
[2023-06-08T09:26:06.335+0200] {logging_mixin.py:117} INFO - [2023-06-08T09:26:06.335+0200] {dag.py:2573} INFO - Sync 1 DAGs
[2023-06-08T09:26:06.348+0200] {logging_mixin.py:117} INFO - [2023-06-08T09:26:06.348+0200] {dag.py:3324} INFO - Setting next_dagrun for youtube_dag to 2023-07-01T00:00:00+00:00, run_after=2023-08-01T00:00:00+00:00
[2023-06-08T09:26:06.366+0200] {processor.py:178} INFO - Processing /home/julien/airflow/dags/youtube_project_dag.py took 0.182 seconds
[2023-06-08T09:26:36.684+0200] {processor.py:156} INFO - Started process (PID=6086) to work on /home/julien/airflow/dags/youtube_project_dag.py
[2023-06-08T09:26:36.688+0200] {processor.py:758} INFO - Processing file /home/julien/airflow/dags/youtube_project_dag.py for tasks to queue
[2023-06-08T09:26:36.689+0200] {logging_mixin.py:117} INFO - [2023-06-08T09:26:36.689+0200] {dagbag.py:525} INFO - Filling up the DagBag from /home/julien/airflow/dags/youtube_project_dag.py
[2023-06-08T09:26:36.763+0200] {processor.py:768} INFO - DAG(s) dict_keys(['youtube_dag']) retrieved from /home/julien/airflow/dags/youtube_project_dag.py
[2023-06-08T09:26:36.874+0200] {logging_mixin.py:117} INFO - [2023-06-08T09:26:36.874+0200] {dag.py:2573} INFO - Sync 1 DAGs
[2023-06-08T09:26:36.886+0200] {logging_mixin.py:117} INFO - [2023-06-08T09:26:36.886+0200] {dag.py:3324} INFO - Setting next_dagrun for youtube_dag to 2023-07-01T00:00:00+00:00, run_after=2023-08-01T00:00:00+00:00
[2023-06-08T09:26:36.903+0200] {processor.py:178} INFO - Processing /home/julien/airflow/dags/youtube_project_dag.py took 0.221 seconds
[2023-06-08T09:27:07.260+0200] {processor.py:156} INFO - Started process (PID=6099) to work on /home/julien/airflow/dags/youtube_project_dag.py
[2023-06-08T09:27:07.261+0200] {processor.py:758} INFO - Processing file /home/julien/airflow/dags/youtube_project_dag.py for tasks to queue
[2023-06-08T09:27:07.262+0200] {logging_mixin.py:117} INFO - [2023-06-08T09:27:07.261+0200] {dagbag.py:525} INFO - Filling up the DagBag from /home/julien/airflow/dags/youtube_project_dag.py
[2023-06-08T09:27:07.415+0200] {processor.py:768} INFO - DAG(s) dict_keys(['youtube_dag']) retrieved from /home/julien/airflow/dags/youtube_project_dag.py
[2023-06-08T09:27:07.432+0200] {logging_mixin.py:117} INFO - [2023-06-08T09:27:07.432+0200] {dag.py:2573} INFO - Sync 1 DAGs
[2023-06-08T09:27:07.448+0200] {logging_mixin.py:117} INFO - [2023-06-08T09:27:07.447+0200] {dag.py:3324} INFO - Setting next_dagrun for youtube_dag to 2023-07-01T00:00:00+00:00, run_after=2023-08-01T00:00:00+00:00
[2023-06-08T09:27:07.467+0200] {processor.py:178} INFO - Processing /home/julien/airflow/dags/youtube_project_dag.py took 0.210 seconds
[2023-06-08T09:27:37.772+0200] {processor.py:156} INFO - Started process (PID=6103) to work on /home/julien/airflow/dags/youtube_project_dag.py
[2023-06-08T09:27:37.776+0200] {processor.py:758} INFO - Processing file /home/julien/airflow/dags/youtube_project_dag.py for tasks to queue
[2023-06-08T09:27:37.777+0200] {logging_mixin.py:117} INFO - [2023-06-08T09:27:37.777+0200] {dagbag.py:525} INFO - Filling up the DagBag from /home/julien/airflow/dags/youtube_project_dag.py
[2023-06-08T09:27:37.934+0200] {processor.py:768} INFO - DAG(s) dict_keys(['youtube_dag']) retrieved from /home/julien/airflow/dags/youtube_project_dag.py
[2023-06-08T09:27:37.949+0200] {logging_mixin.py:117} INFO - [2023-06-08T09:27:37.949+0200] {dag.py:2573} INFO - Sync 1 DAGs
[2023-06-08T09:27:37.963+0200] {logging_mixin.py:117} INFO - [2023-06-08T09:27:37.963+0200] {dag.py:3324} INFO - Setting next_dagrun for youtube_dag to 2023-07-01T00:00:00+00:00, run_after=2023-08-01T00:00:00+00:00
[2023-06-08T09:27:37.985+0200] {processor.py:178} INFO - Processing /home/julien/airflow/dags/youtube_project_dag.py took 0.216 seconds
[2023-06-08T09:28:13.225+0200] {processor.py:156} INFO - Started process (PID=6145) to work on /home/julien/airflow/dags/youtube_project_dag.py
[2023-06-08T09:28:13.228+0200] {processor.py:758} INFO - Processing file /home/julien/airflow/dags/youtube_project_dag.py for tasks to queue
[2023-06-08T09:28:13.229+0200] {logging_mixin.py:117} INFO - [2023-06-08T09:28:13.229+0200] {dagbag.py:525} INFO - Filling up the DagBag from /home/julien/airflow/dags/youtube_project_dag.py
[2023-06-08T09:28:13.308+0200] {processor.py:768} INFO - DAG(s) dict_keys(['youtube_dag']) retrieved from /home/julien/airflow/dags/youtube_project_dag.py
[2023-06-08T09:28:13.320+0200] {logging_mixin.py:117} INFO - [2023-06-08T09:28:13.320+0200] {dag.py:2573} INFO - Sync 1 DAGs
[2023-06-08T09:28:13.337+0200] {logging_mixin.py:117} INFO - [2023-06-08T09:28:13.337+0200] {dag.py:3324} INFO - Setting next_dagrun for youtube_dag to 2023-07-01T00:00:00+00:00, run_after=2023-08-01T00:00:00+00:00
[2023-06-08T09:28:13.359+0200] {processor.py:178} INFO - Processing /home/julien/airflow/dags/youtube_project_dag.py took 0.136 seconds
[2023-06-08T09:28:48.495+0200] {processor.py:156} INFO - Started process (PID=6340) to work on /home/julien/airflow/dags/youtube_project_dag.py
[2023-06-08T09:28:48.496+0200] {processor.py:758} INFO - Processing file /home/julien/airflow/dags/youtube_project_dag.py for tasks to queue
[2023-06-08T09:28:48.497+0200] {logging_mixin.py:117} INFO - [2023-06-08T09:28:48.497+0200] {dagbag.py:525} INFO - Filling up the DagBag from /home/julien/airflow/dags/youtube_project_dag.py
[2023-06-08T09:28:48.574+0200] {processor.py:768} INFO - DAG(s) dict_keys(['youtube_dag']) retrieved from /home/julien/airflow/dags/youtube_project_dag.py
[2023-06-08T09:28:48.595+0200] {logging_mixin.py:117} INFO - [2023-06-08T09:28:48.594+0200] {dag.py:2573} INFO - Sync 1 DAGs
[2023-06-08T09:28:48.706+0200] {logging_mixin.py:117} INFO - [2023-06-08T09:28:48.706+0200] {dag.py:3324} INFO - Setting next_dagrun for youtube_dag to 2023-07-01T00:00:00+00:00, run_after=2023-08-01T00:00:00+00:00
[2023-06-08T09:28:48.746+0200] {processor.py:178} INFO - Processing /home/julien/airflow/dags/youtube_project_dag.py took 0.253 seconds
[2023-06-08T09:30:06.969+0200] {processor.py:156} INFO - Started process (PID=6351) to work on /home/julien/airflow/dags/youtube_project_dag.py
[2023-06-08T09:30:06.973+0200] {processor.py:758} INFO - Processing file /home/julien/airflow/dags/youtube_project_dag.py for tasks to queue
[2023-06-08T09:30:06.973+0200] {logging_mixin.py:117} INFO - [2023-06-08T09:30:06.973+0200] {dagbag.py:525} INFO - Filling up the DagBag from /home/julien/airflow/dags/youtube_project_dag.py
[2023-06-08T09:30:07.102+0200] {processor.py:768} INFO - DAG(s) dict_keys(['youtube_dag']) retrieved from /home/julien/airflow/dags/youtube_project_dag.py
[2023-06-08T09:30:07.112+0200] {logging_mixin.py:117} INFO - [2023-06-08T09:30:07.111+0200] {dag.py:2573} INFO - Sync 1 DAGs
[2023-06-08T09:30:07.122+0200] {logging_mixin.py:117} INFO - [2023-06-08T09:30:07.122+0200] {dag.py:3324} INFO - Setting next_dagrun for youtube_dag to 2023-07-01T00:00:00+00:00, run_after=2023-08-01T00:00:00+00:00
[2023-06-08T09:30:07.141+0200] {processor.py:178} INFO - Processing /home/julien/airflow/dags/youtube_project_dag.py took 0.173 seconds
[2023-06-08T09:34:57.199+0200] {processor.py:156} INFO - Started process (PID=6382) to work on /home/julien/airflow/dags/youtube_project_dag.py
[2023-06-08T09:34:57.200+0200] {processor.py:758} INFO - Processing file /home/julien/airflow/dags/youtube_project_dag.py for tasks to queue
[2023-06-08T09:34:57.201+0200] {logging_mixin.py:117} INFO - [2023-06-08T09:34:57.201+0200] {dagbag.py:525} INFO - Filling up the DagBag from /home/julien/airflow/dags/youtube_project_dag.py
[2023-06-08T09:34:57.257+0200] {processor.py:768} INFO - DAG(s) dict_keys(['youtube_dag']) retrieved from /home/julien/airflow/dags/youtube_project_dag.py
[2023-06-08T09:34:57.270+0200] {logging_mixin.py:117} INFO - [2023-06-08T09:34:57.270+0200] {dag.py:2573} INFO - Sync 1 DAGs
[2023-06-08T09:34:57.283+0200] {logging_mixin.py:117} INFO - [2023-06-08T09:34:57.283+0200] {dag.py:3324} INFO - Setting next_dagrun for youtube_dag to 2023-07-01T00:00:00+00:00, run_after=2023-08-01T00:00:00+00:00
[2023-06-08T09:34:57.303+0200] {processor.py:178} INFO - Processing /home/julien/airflow/dags/youtube_project_dag.py took 0.107 seconds
[2023-06-08T14:32:11.363+0200] {processor.py:156} INFO - Started process (PID=7173) to work on /home/julien/airflow/dags/youtube_project_dag.py
[2023-06-08T14:32:11.367+0200] {processor.py:758} INFO - Processing file /home/julien/airflow/dags/youtube_project_dag.py for tasks to queue
[2023-06-08T14:32:11.367+0200] {logging_mixin.py:117} INFO - [2023-06-08T14:32:11.367+0200] {dagbag.py:525} INFO - Filling up the DagBag from /home/julien/airflow/dags/youtube_project_dag.py
[2023-06-08T14:32:11.439+0200] {processor.py:768} INFO - DAG(s) dict_keys(['youtube_dag']) retrieved from /home/julien/airflow/dags/youtube_project_dag.py
[2023-06-08T14:32:11.449+0200] {logging_mixin.py:117} INFO - [2023-06-08T14:32:11.449+0200] {dag.py:2573} INFO - Sync 1 DAGs
[2023-06-08T14:32:11.467+0200] {logging_mixin.py:117} INFO - [2023-06-08T14:32:11.467+0200] {dag.py:3324} INFO - Setting next_dagrun for youtube_dag to 2023-07-01T00:00:00+00:00, run_after=2023-08-01T00:00:00+00:00
[2023-06-08T14:32:11.562+0200] {processor.py:178} INFO - Processing /home/julien/airflow/dags/youtube_project_dag.py took 0.203 seconds
[2023-06-08T14:32:43.648+0200] {processor.py:156} INFO - Started process (PID=7206) to work on /home/julien/airflow/dags/youtube_project_dag.py
[2023-06-08T14:32:43.649+0200] {processor.py:758} INFO - Processing file /home/julien/airflow/dags/youtube_project_dag.py for tasks to queue
[2023-06-08T14:32:43.649+0200] {logging_mixin.py:117} INFO - [2023-06-08T14:32:43.649+0200] {dagbag.py:525} INFO - Filling up the DagBag from /home/julien/airflow/dags/youtube_project_dag.py
[2023-06-08T14:32:43.737+0200] {processor.py:768} INFO - DAG(s) dict_keys(['youtube_dag']) retrieved from /home/julien/airflow/dags/youtube_project_dag.py
[2023-06-08T14:32:43.845+0200] {logging_mixin.py:117} INFO - [2023-06-08T14:32:43.845+0200] {dag.py:2573} INFO - Sync 1 DAGs
[2023-06-08T14:32:43.999+0200] {logging_mixin.py:117} INFO - [2023-06-08T14:32:43.999+0200] {dag.py:3324} INFO - Setting next_dagrun for youtube_dag to 2023-07-01T00:00:00+00:00, run_after=2023-08-01T00:00:00+00:00
[2023-06-08T14:32:44.031+0200] {processor.py:178} INFO - Processing /home/julien/airflow/dags/youtube_project_dag.py took 0.387 seconds
[2023-06-08T14:33:15.864+0200] {processor.py:156} INFO - Started process (PID=7239) to work on /home/julien/airflow/dags/youtube_project_dag.py
[2023-06-08T14:33:15.865+0200] {processor.py:758} INFO - Processing file /home/julien/airflow/dags/youtube_project_dag.py for tasks to queue
[2023-06-08T14:33:15.866+0200] {logging_mixin.py:117} INFO - [2023-06-08T14:33:15.866+0200] {dagbag.py:525} INFO - Filling up the DagBag from /home/julien/airflow/dags/youtube_project_dag.py
[2023-06-08T14:33:16.004+0200] {processor.py:768} INFO - DAG(s) dict_keys(['youtube_dag']) retrieved from /home/julien/airflow/dags/youtube_project_dag.py
[2023-06-08T14:33:16.046+0200] {logging_mixin.py:117} INFO - [2023-06-08T14:33:16.046+0200] {dag.py:2573} INFO - Sync 1 DAGs
[2023-06-08T14:33:16.216+0200] {logging_mixin.py:117} INFO - [2023-06-08T14:33:16.216+0200] {dag.py:3324} INFO - Setting next_dagrun for youtube_dag to 2023-07-01T00:00:00+00:00, run_after=2023-08-01T00:00:00+00:00
[2023-06-08T14:33:16.235+0200] {processor.py:178} INFO - Processing /home/julien/airflow/dags/youtube_project_dag.py took 0.374 seconds
[2023-06-08T14:33:48.043+0200] {processor.py:156} INFO - Started process (PID=7270) to work on /home/julien/airflow/dags/youtube_project_dag.py
[2023-06-08T14:33:48.043+0200] {processor.py:758} INFO - Processing file /home/julien/airflow/dags/youtube_project_dag.py for tasks to queue
[2023-06-08T14:33:48.044+0200] {logging_mixin.py:117} INFO - [2023-06-08T14:33:48.044+0200] {dagbag.py:525} INFO - Filling up the DagBag from /home/julien/airflow/dags/youtube_project_dag.py
[2023-06-08T14:33:48.114+0200] {processor.py:768} INFO - DAG(s) dict_keys(['youtube_dag']) retrieved from /home/julien/airflow/dags/youtube_project_dag.py
[2023-06-08T14:33:48.132+0200] {logging_mixin.py:117} INFO - [2023-06-08T14:33:48.132+0200] {dag.py:2573} INFO - Sync 1 DAGs
[2023-06-08T14:33:48.227+0200] {logging_mixin.py:117} INFO - [2023-06-08T14:33:48.227+0200] {dag.py:3324} INFO - Setting next_dagrun for youtube_dag to 2023-07-01T00:00:00+00:00, run_after=2023-08-01T00:00:00+00:00
[2023-06-08T14:33:48.251+0200] {processor.py:178} INFO - Processing /home/julien/airflow/dags/youtube_project_dag.py took 0.210 seconds
[2023-06-08T14:34:20.420+0200] {processor.py:156} INFO - Started process (PID=7297) to work on /home/julien/airflow/dags/youtube_project_dag.py
[2023-06-08T14:34:20.421+0200] {processor.py:758} INFO - Processing file /home/julien/airflow/dags/youtube_project_dag.py for tasks to queue
[2023-06-08T14:34:20.422+0200] {logging_mixin.py:117} INFO - [2023-06-08T14:34:20.421+0200] {dagbag.py:525} INFO - Filling up the DagBag from /home/julien/airflow/dags/youtube_project_dag.py
[2023-06-08T14:34:20.496+0200] {processor.py:768} INFO - DAG(s) dict_keys(['youtube_dag']) retrieved from /home/julien/airflow/dags/youtube_project_dag.py
[2023-06-08T14:34:20.612+0200] {logging_mixin.py:117} INFO - [2023-06-08T14:34:20.612+0200] {dag.py:2573} INFO - Sync 1 DAGs
[2023-06-08T14:34:20.630+0200] {logging_mixin.py:117} INFO - [2023-06-08T14:34:20.629+0200] {dag.py:3324} INFO - Setting next_dagrun for youtube_dag to 2023-07-01T00:00:00+00:00, run_after=2023-08-01T00:00:00+00:00
[2023-06-08T14:34:20.649+0200] {processor.py:178} INFO - Processing /home/julien/airflow/dags/youtube_project_dag.py took 0.231 seconds
[2023-06-08T14:34:52.035+0200] {processor.py:156} INFO - Started process (PID=7328) to work on /home/julien/airflow/dags/youtube_project_dag.py
[2023-06-08T14:34:52.037+0200] {processor.py:758} INFO - Processing file /home/julien/airflow/dags/youtube_project_dag.py for tasks to queue
[2023-06-08T14:34:52.038+0200] {logging_mixin.py:117} INFO - [2023-06-08T14:34:52.037+0200] {dagbag.py:525} INFO - Filling up the DagBag from /home/julien/airflow/dags/youtube_project_dag.py
[2023-06-08T14:34:52.149+0200] {processor.py:768} INFO - DAG(s) dict_keys(['youtube_dag']) retrieved from /home/julien/airflow/dags/youtube_project_dag.py
[2023-06-08T14:34:52.261+0200] {logging_mixin.py:117} INFO - [2023-06-08T14:34:52.261+0200] {dag.py:2573} INFO - Sync 1 DAGs
[2023-06-08T14:34:52.273+0200] {logging_mixin.py:117} INFO - [2023-06-08T14:34:52.273+0200] {dag.py:3324} INFO - Setting next_dagrun for youtube_dag to 2023-07-01T00:00:00+00:00, run_after=2023-08-01T00:00:00+00:00
[2023-06-08T14:34:52.291+0200] {processor.py:178} INFO - Processing /home/julien/airflow/dags/youtube_project_dag.py took 0.260 seconds
[2023-06-08T14:35:23.732+0200] {processor.py:156} INFO - Started process (PID=7357) to work on /home/julien/airflow/dags/youtube_project_dag.py
[2023-06-08T14:35:23.734+0200] {processor.py:758} INFO - Processing file /home/julien/airflow/dags/youtube_project_dag.py for tasks to queue
[2023-06-08T14:35:23.735+0200] {logging_mixin.py:117} INFO - [2023-06-08T14:35:23.735+0200] {dagbag.py:525} INFO - Filling up the DagBag from /home/julien/airflow/dags/youtube_project_dag.py
[2023-06-08T14:35:32.277+0200] {processor.py:768} INFO - DAG(s) dict_keys(['youtube_dag']) retrieved from /home/julien/airflow/dags/youtube_project_dag.py
[2023-06-09T10:32:52.712+0200] {logging_mixin.py:117} INFO - [2023-06-09T10:32:52.711+0200] {dag.py:2573} INFO - Sync 1 DAGs
[2023-06-09T10:32:52.891+0200] {logging_mixin.py:117} INFO - [2023-06-09T10:32:52.891+0200] {dag.py:3324} INFO - Setting next_dagrun for youtube_dag to 2023-07-01T00:00:00+00:00, run_after=2023-08-01T00:00:00+00:00
[2023-06-09T10:32:53.412+0200] {processor.py:178} INFO - Processing /home/julien/airflow/dags/youtube_project_dag.py took 11.061 seconds
